#
# There is insufficient memory for the Java Runtime Environment to continue.
# Native memory allocation (mmap) failed to map 536870912 bytes. Error detail: G1 virtual space
# Possible reasons:
#   The system is out of physical RAM or swap space
#   This process is running with CompressedOops enabled, and the Java Heap may be blocking the growth of the native heap
# Possible solutions:
#   Reduce memory load on the system
#   Increase physical memory or swap space
#   Check if swap backing store is full
#   Decrease Java heap size (-Xmx/-Xms)
#   Decrease number of Java threads
#   Decrease Java thread stack sizes (-Xss)
#   Set larger code cache with -XX:ReservedCodeCacheSize=
#   JVM is running with Zero Based Compressed Oops mode in which the Java heap is
#     placed in the first 32GB address space. The Java Heap base address is the
#     maximum limit for the native heap growth. Please use -XX:HeapBaseMinAddress
#     to set the Java Heap base and to place the Java Heap above 32GB virtual address.
# This output file may be truncated or incomplete.
#
#  Out of Memory Error (os_windows.cpp:3828), pid=24540, tid=8540
#
# JRE version:  (21.0.4+13) (build )
# Java VM: OpenJDK 64-Bit Server VM (21.0.4+13-b509.17, mixed mode, sharing, tiered, compressed oops, compressed class ptrs, g1 gc, windows-amd64)
# No core dump will be written. Minidumps are not enabled by default on client versions of Windows
#

---------------  S U M M A R Y ------------

Command Line: git4idea.http.GitAskPassApp Username for 'https://192.168.8.32': 

Host: Intel(R) Core(TM) i7-7700K CPU @ 4.20GHz, 8 cores, 31G,  Windows 10 , 64 bit Build 19041 (10.0.19041.5438)
Time: Thu Mar 13 03:57:07 2025 RTZ 2 (s 10 , 64 bit Build 19041 (10.0.19041.5438) elapsed time: 0.011504 seconds (0d 0h 0m 0s)

---------------  T H R E A D  ---------------

Current thread (0x000001cd46228d80):  JavaThread "Unknown thread" [_thread_in_vm, id=8540, stack(0x00000063a8a00000,0x00000063a8b00000) (1024K)]

Stack: [0x00000063a8a00000,0x00000063a8b00000]
Native frames: (J=compiled Java code, j=interpreted, Vv=VM code, C=native code)
V  [jvm.dll+0x6e36d9]
V  [jvm.dll+0x8c0bd3]
V  [jvm.dll+0x8c312e]
V  [jvm.dll+0x8c3813]
V  [jvm.dll+0x288256]
V  [jvm.dll+0x6dfe65]
V  [jvm.dll+0x6d433a]
V  [jvm.dll+0x36209b]
V  [jvm.dll+0x369c46]
V  [jvm.dll+0x3bbd76]
V  [jvm.dll+0x3bc048]
V  [jvm.dll+0x33485c]
V  [jvm.dll+0x33554b]
V  [jvm.dll+0x888039]
V  [jvm.dll+0x3c8ea8]
V  [jvm.dll+0x8711d8]
V  [jvm.dll+0x45d85e]
V  [jvm.dll+0x45f541]
C  [jli.dll+0x52ab]
C  [ucrtbase.dll+0x21bb2]
C  [KERNEL32.DLL+0x17374]
C  [ntdll.dll+0x4cc91]


---------------  P R O C E S S  ---------------

Threads class SMR info:
_java_thread_list=0x00007ffbd62a2108, length=0, elements={
}

Java Threads: ( => current thread )
Total: 0

Other Threads:
  0x000001cd4851cea0 WorkerThread "GC Thread#0"                     [id=10036, stack(0x00000063a8b00000,0x00000063a8c00000) (1024K)]
  0x000001cd4852de40 ConcurrentGCThread "G1 Main Marker"            [id=5440, stack(0x00000063a8c00000,0x00000063a8d00000) (1024K)]
  0x000001cd4852eaf0 WorkerThread "G1 Conc#0"                       [id=15988, stack(0x00000063a8d00000,0x00000063a8e00000) (1024K)]

[error occurred during error reporting (printing all threads), id 0xc0000005, EXCEPTION_ACCESS_VIOLATION (0xc0000005) at pc=0x00007ffbd5997917]
VM state: not at safepoint (not fully initialized)

VM Mutex/Monitor currently owned by a thread:  ([mutex/lock_event])
[0x00007ffbd6316a48] Heap_lock - owner thread: 0x000001cd46228d80

Heap address: 0x0000000600800000, size: 8184 MB, Compressed Oops mode: Zero based, Oop shift amount: 3

CDS archive(s) mapped at: [0x0000000000000000-0x0000000000000000-0x0000000000000000), size 0, SharedBaseAddress: 0x0000000800000000, ArchiveRelocationMode: 1.
Narrow klass base: 0x0000000000000000, Narrow klass shift: 0, Narrow klass range: 0x0

GC Precious Log:
 CardTable entry size: 512
 Card Set container configuration: InlinePtr #cards 4 size 8 Array Of Cards #cards 32 size 80 Howl #buckets 8 coarsen threshold 7372 Howl Bitmap #cards 1024 size 144 coarsen threshold 921 Card regions per heap region 1 cards per card region 8192

Heap:
 garbage-first heap   total 0K, used 0K [0x0000000600800000, 0x0000000800000000)
  region size 4096K, 0 young (0K), 0 survivors (0K)
 Metaspace       used 0K, committed 0K, reserved 0K
  class space    used 0K, committed 0K, reserved 0K

Heap Regions: E=young(eden), S=young(survivor), O=old, HS=humongous(starts), HC=humongous(continues), CS=collection set, F=free, TAMS=top-at-mark-start, PB=parsable bottom

Card table byte_map: [0x000001cd5c6c0000,0x000001cd5d6c0000] _byte_map_base: 0x000001cd596bc000

Marking Bits: (CMBitMap*) 0x000001cd4851d5a0
 Bits: [0x000001cd5d6c0000, 0x000001cd656a0000)

GC Heap History (0 events):
No events

Dll operation events (1 events):
Event: 0.007 Loaded shared library E:\Program Files\JetBrains\IntelliJ IDEA 2024.2.3\jbr\bin\java.dll

Deoptimization events (0 events):
No events

Classes loaded (0 events):
No events

Classes unloaded (0 events):
No events

Classes redefined (0 events):
No events

Internal exceptions (0 events):
No events

ZGC Phase Switch (0 events):
No events

VM Operations (0 events):
No events

Memory protections (0 events):
No events

Nmethod flushes (0 events):
No events

Events (0 events):
No events


Dynamic libraries:
0x00007ff758c70000 - 0x00007ff758c7a000 	E:\Program Files\JetBrains\IntelliJ IDEA 2024.2.3\jbr\bin\java.exe
0x00007ffc7c710000 - 0x00007ffc7c908000 	C:\WINDOWS\SYSTEM32\ntdll.dll
0x00007ffc7b7f0000 - 0x00007ffc7b8b2000 	C:\WINDOWS\System32\KERNEL32.DLL
0x00007ffc7a330000 - 0x00007ffc7a62f000 	C:\WINDOWS\System32\KERNELBASE.dll
0x00007ffc7a630000 - 0x00007ffc7a730000 	C:\WINDOWS\System32\ucrtbase.dll
0x00007ffc642f0000 - 0x00007ffc64308000 	E:\Program Files\JetBrains\IntelliJ IDEA 2024.2.3\jbr\bin\jli.dll
0x00007ffc74500000 - 0x00007ffc7451b000 	E:\Program Files\JetBrains\IntelliJ IDEA 2024.2.3\jbr\bin\VCRUNTIME140.dll
0x00007ffc7be50000 - 0x00007ffc7bfed000 	C:\WINDOWS\System32\USER32.dll
0x00007ffc64f70000 - 0x00007ffc6520a000 	C:\WINDOWS\WinSxS\amd64_microsoft.windows.common-controls_6595b64144ccf1df_6.0.19041.4355_none_60b8b9eb71f62e16\COMCTL32.dll
0x00007ffc7a000000 - 0x00007ffc7a022000 	C:\WINDOWS\System32\win32u.dll
0x00007ffc7b0c0000 - 0x00007ffc7b15e000 	C:\WINDOWS\System32\msvcrt.dll
0x00007ffc7b9c0000 - 0x00007ffc7b9eb000 	C:\WINDOWS\System32\GDI32.dll
0x00007ffc7a030000 - 0x00007ffc7a14a000 	C:\WINDOWS\System32\gdi32full.dll
0x00007ffc79db0000 - 0x00007ffc79e4d000 	C:\WINDOWS\System32\msvcp_win.dll
0x00007ffc7baa0000 - 0x00007ffc7bacf000 	C:\WINDOWS\System32\IMM32.DLL
0x00007ffc74820000 - 0x00007ffc7482c000 	E:\Program Files\JetBrains\IntelliJ IDEA 2024.2.3\jbr\bin\vcruntime140_1.dll
0x00007ffbd6ae0000 - 0x00007ffbd6b6d000 	E:\Program Files\JetBrains\IntelliJ IDEA 2024.2.3\jbr\bin\msvcp140.dll
0x00007ffbd5650000 - 0x00007ffbd6407000 	E:\Program Files\JetBrains\IntelliJ IDEA 2024.2.3\jbr\bin\server\jvm.dll
0x00007ffc7b9f0000 - 0x00007ffc7ba9f000 	C:\WINDOWS\System32\ADVAPI32.dll
0x00007ffc7b8c0000 - 0x00007ffc7b95f000 	C:\WINDOWS\System32\sechost.dll
0x00007ffc7b230000 - 0x00007ffc7b353000 	C:\WINDOWS\System32\RPCRT4.dll
0x00007ffc7a290000 - 0x00007ffc7a2b7000 	C:\WINDOWS\System32\bcrypt.dll
0x00007ffc7b360000 - 0x00007ffc7b3cb000 	C:\WINDOWS\System32\WS2_32.dll
0x00007ffc79710000 - 0x00007ffc7975b000 	C:\WINDOWS\SYSTEM32\POWRPROF.dll
0x00007ffc68880000 - 0x00007ffc688a7000 	C:\WINDOWS\SYSTEM32\WINMM.dll
0x00007ffc6dbf0000 - 0x00007ffc6dbfa000 	C:\WINDOWS\SYSTEM32\VERSION.dll
0x00007ffc795a0000 - 0x00007ffc795b2000 	C:\WINDOWS\SYSTEM32\UMPDC.dll
0x00007ffc78600000 - 0x00007ffc78612000 	C:\WINDOWS\SYSTEM32\kernel.appcore.dll
0x00007ffc73830000 - 0x00007ffc7383a000 	E:\Program Files\JetBrains\IntelliJ IDEA 2024.2.3\jbr\bin\jimage.dll
0x00007ffc77980000 - 0x00007ffc77b64000 	C:\WINDOWS\SYSTEM32\DBGHELP.DLL
0x00007ffc59960000 - 0x00007ffc59994000 	C:\WINDOWS\SYSTEM32\dbgcore.DLL
0x00007ffc7a200000 - 0x00007ffc7a282000 	C:\WINDOWS\System32\bcryptPrimitives.dll
0x00007ffc72800000 - 0x00007ffc7281f000 	E:\Program Files\JetBrains\IntelliJ IDEA 2024.2.3\jbr\bin\java.dll

dbghelp: loaded successfully - version: 4.0.5 - missing functions: none
symbol engine: initialized successfully - sym options: 0x614 - pdb path: .;E:\Program Files\JetBrains\IntelliJ IDEA 2024.2.3\jbr\bin;C:\WINDOWS\SYSTEM32;C:\WINDOWS\WinSxS\amd64_microsoft.windows.common-controls_6595b64144ccf1df_6.0.19041.4355_none_60b8b9eb71f62e16;E:\Program Files\JetBrains\IntelliJ IDEA 2024.2.3\jbr\bin\server

VM Arguments:
java_command: git4idea.http.GitAskPassApp Username for 'https://192.168.8.32': 
java_class_path (initial): E:/Program Files/JetBrains/IntelliJ IDEA 2024.2.3/plugins/vcs-git/lib/git4idea-rt.jar;E:/Program Files/JetBrains/IntelliJ IDEA 2024.2.3/lib/externalProcess-rt.jar
Launcher Type: SUN_STANDARD

[Global flags]
     intx CICompilerCount                          = 4                                         {product} {ergonomic}
     uint ConcGCThreads                            = 2                                         {product} {ergonomic}
     uint G1ConcRefinementThreads                  = 8                                         {product} {ergonomic}
   size_t G1HeapRegionSize                         = 4194304                                   {product} {ergonomic}
    uintx GCDrainStackTargetSize                   = 64                                        {product} {ergonomic}
   size_t InitialHeapSize                          = 536870912                                 {product} {ergonomic}
   size_t MarkStackSize                            = 4194304                                   {product} {ergonomic}
   size_t MaxHeapSize                              = 8581545984                                {product} {ergonomic}
   size_t MinHeapDeltaBytes                        = 4194304                                   {product} {ergonomic}
   size_t MinHeapSize                              = 8388608                                   {product} {ergonomic}
    uintx NonNMethodCodeHeapSize                   = 5839372                                {pd product} {ergonomic}
    uintx NonProfiledCodeHeapSize                  = 122909434                              {pd product} {ergonomic}
    uintx ProfiledCodeHeapSize                     = 122909434                              {pd product} {ergonomic}
    uintx ReservedCodeCacheSize                    = 251658240                              {pd product} {ergonomic}
     bool SegmentedCodeCache                       = true                                      {product} {ergonomic}
   size_t SoftMaxHeapSize                          = 8581545984                             {manageable} {ergonomic}
     bool UseCompressedOops                        = true                           {product lp64_product} {ergonomic}
     bool UseG1GC                                  = true                                      {product} {ergonomic}
     bool UseLargePagesIndividualAllocation        = false                                  {pd product} {ergonomic}

Logging:
Log output configuration:
 #0: stdout all=warning uptime,level,tags foldmultilines=false
 #1: stderr all=off uptime,level,tags foldmultilines=false

Environment Variables:
JAVA_HOME=C:\Users\psoko\.jdks\liberica-full-17.0.11
PATH=C:\Program Files\Git\mingw64\libexec\git-core;C:\Program Files\Git\mingw64\libexec\git-core;C:\Program Files\Git\mingw64\bin;C:\Program Files\Git\usr\bin;C:\Users\psoko\bin;G:\Program Files (x86)\VMware\VMware Workstation\bin;C:\Python312\Scripts;C:\Python312;C:\Program Files\Common Files\Oracle\Java\javapath;C:\Program Files (x86)\Common Files\Oracle\Java\java8path;C:\Program Files (x86)\Common Files\Oracle\Java\javapath;C:\Program Files\Microsoft MPI\Bin;C:\program files\php\v7.3;C:\program files\php\v7.0;C:\windows\system32\inetsrv;C:\windows\system32;C:\windows;C:\windows\system32\wbem;C:\windows\system32\windowspowershell\v1.0;C:\windows\system32\openssh;C:\program files\microsoft sql server\client sdk\odbc\130\tools\binn;C:\program files (x86)\microsoft sql server\140\tools\binn;C:\program files\microsoft sql server\140\tools\binn;C:\program files\microsoft sql server\140\dts\binn;C:\program files;C:\programdata\chocolatey\bin;C:\program files\microsoft sql server\client sdk\odbc\170\tools\binn;C:\windows\system32;C:\windows;C:\windows\system32\wbem;C:\windows\system32\windowspowershell\v1.0;C:\windows\system32\openssh;F:\spring-roo-2.0.0.release\bin;C:\program files (x86)\intel\intel(r) management engine components\dal;C:\program files\intel\intel(r) management engine components\dal;C:\program files (x86)\intel\intel(r) management engine components\ipt;C:\program files\intel\intel(r) management engine components\ipt;C:\program files\dotnet;C:\program files (x86)\common files\divx shared\desktopservice;C:\program files\git\cmd;C:\Users\psoko\.jdks\liberica-full-17.0.11\bin;C:\Program Files (x86)\Subversion\bin;C:\tools\lxrunoffline;F:\graalvm-jdk-21+35.1\bin;G:\Program Files (x86)\Microsoft Visual Studio\2022\BuildTools\VC\Auxiliary\Build;C:\Program Files\Pandoc;C:\Program Files (x86)\Common Files\DivX11 Shared\DesktopService;C:\Program Files\TortoiseGit\bin;C:\Program Files\Git\cmd;C:\Program Files\PuTTY;C:\Program Files\TortoiseSVN\bin;C:\Program Files\PowerShell\7;C:\Program Files\NVIDIA Corporation\NVIDIA app\NvDLISR;C:\Program Files (x86)\NVIDIA Corporation\PhysX\Common;C:\Program Files\Docker\Docker\resources\bin;C:\Users\psoko\AppData\Local\Microsoft\WindowsApps;C:\Users\psoko\.dotnet\tools;C:\Users\psoko\AppData\Local\GitHubDesktop\bin;C:\Program Files\R\R-3.5.2\bin\i386;C:\Users\psoko\AppData\Local\Programs\Fiddler;C:\Users\psoko\AppData\Local\Microsoft\WindowsApps;C:\Program Files\Git\usr\bin;G:\Program Files\JetBrains\IntelliJ IDEA 2024.1.2\bin;C:\Program Files\JetBrains\GoLand 2020.2.3\bin;C:\Program Files\Azure Data Studio\bin;C:\Program Files\JetBrains\WebStorm 2020.2.3\bin;C:\Program Files\TortoiseSVN\bin;F:\kafka\zookeeper\bin;C:\Users\psoko\AppData\Local\Packages\PythonSoftwareFoundation.Python.3.10_qbz5n2kfra8p0\LocalCache\local-packages\Python310\Scripts;C:\Users\psoko\AppData\Local\Programs\MiKTeX\miktex\bin\x64;C:\Program Files\Azure Data Studio\bin;C:\Program Files\Azure Data Studio\bin;C:\Users\psoko\.jdks\liberica-full-17.0.11\bin;C:\Program Files\Azure Data Studio\bin;C:\Users\psoko\AppData\Local\JetBrains\Toolbox\scripts;C:\Users\psoko\AppData\Local\Microsoft\WinGet\Links;C:\Program Files\JetBrains\WebStorm 2024.2.3\bin;C:\Users\psoko\AppData\Roaming\npm;E:\Program Files\JetBrains\IntelliJ IDEA 2024.2.3\bin
USERNAME=psokolov local
DISPLAY=:0.0
LC_ALL=en_US.UTF-8
TERM=xterm-256color
TMPDIR=C:\Users\psoko\AppData\Local\Temp
OS=Windows_NT
PROCESSOR_IDENTIFIER=Intel64 Family 6 Model 158 Stepping 9, GenuineIntel
TMP=C:\Users\psoko\AppData\Local\Temp
TEMP=C:\Users\psoko\AppData\Local\Temp




Periodic native trim disabled

JNI global refs:
JNI global refs: 0, weak refs: 0

JNI global refs memory usage: 0, weak refs: 0

Process memory usage:
Resident Set Size: 11604K (0% of 33515676K total physical memory with 654040K free physical memory)

OOME stack traces (most recent first):
Classloader memory used:

---------------  S Y S T E M  ---------------

OS:
 Windows 10 , 64 bit Build 19041 (10.0.19041.5438)
OS uptime: 0 days 18:30 hours
Hyper-V role detected

CPU: total 8 (initial active 8) (4 cores per cpu, 2 threads per core) family 6 model 158 stepping 9 microcode 0xb4, cx8, cmov, fxsr, ht, mmx, 3dnowpref, sse, sse2, sse3, ssse3, sse4.1, sse4.2, popcnt, lzcnt, tsc, tscinvbit, avx, avx2, aes, erms, clmul, bmi1, bmi2, rtm, adx, fma, vzeroupper, clflush, clflushopt, hv, rdtscp, f16c
Processor Information for all 8 processors :
  Max Mhz: 4200, Current Mhz: 4200, Mhz Limit: 4200

Memory: 4k page, system-wide physical 32730M (638M free)
TotalPageFile size 92347M (AvailPageFile size 133M)
current process WorkingSet (physical memory assigned to process): 11M, peak: 11M
current process commit charge ("private bytes"): 60M, peak: 572M

vm_info: OpenJDK 64-Bit Server VM (21.0.4+13-b509.17) for windows-amd64 JRE (21.0.4+13-b509.17), built on 2024-09-04 by "builduser" with MS VC++ 16.10 / 16.11 (VS2019)

END.
