#
# There is insufficient memory for the Java Runtime Environment to continue.
# Native memory allocation (mmap) failed to map 536870912 bytes. Error detail: G1 virtual space
# Possible reasons:
#   The system is out of physical RAM or swap space
#   This process is running with CompressedOops enabled, and the Java Heap may be blocking the growth of the native heap
# Possible solutions:
#   Reduce memory load on the system
#   Increase physical memory or swap space
#   Check if swap backing store is full
#   Decrease Java heap size (-Xmx/-Xms)
#   Decrease number of Java threads
#   Decrease Java thread stack sizes (-Xss)
#   Set larger code cache with -XX:ReservedCodeCacheSize=
#   JVM is running with Zero Based Compressed Oops mode in which the Java heap is
#     placed in the first 32GB address space. The Java Heap base address is the
#     maximum limit for the native heap growth. Please use -XX:HeapBaseMinAddress
#     to set the Java Heap base and to place the Java Heap above 32GB virtual address.
# This output file may be truncated or incomplete.
#
#  Out of Memory Error (os_windows.cpp:3825), pid=42408, tid=57868
#
# JRE version:  (17.0.11+1) (build )
# Java VM: OpenJDK 64-Bit Server VM (17.0.11+1-b1207.24, mixed mode, sharing, tiered, compressed oops, compressed class ptrs, g1 gc, windows-amd64)
# No core dump will be written. Minidumps are not enabled by default on client versions of Windows
#

---------------  S U M M A R Y ------------

Command Line: git4idea.http.GitAskPassApp Username for 'https://192.168.8.32': 

Host: Intel(R) Core(TM) i7-7700K CPU @ 4.20GHz, 8 cores, 31G,  Windows 10 , 64 bit Build 19041 (10.0.19041.4957)
Time: Thu Sep 26 16:01:14 2024 RTZ 2 (s 10 , 64 bit Build 19041 (10.0.19041.4957) elapsed time: 0.072388 seconds (0d 0h 0m 0s)

---------------  T H R E A D  ---------------

Current thread (0x000001a6b7dc6ca0):  JavaThread "Unknown thread" [_thread_in_vm, id=57868, stack(0x000000183be00000,0x000000183bf00000)]

Stack: [0x000000183be00000,0x000000183bf00000]
Native frames: (J=compiled Java code, j=interpreted, Vv=VM code, C=native code)
V  [jvm.dll+0x6877f9]
V  [jvm.dll+0x8411aa]
V  [jvm.dll+0x842e2e]
V  [jvm.dll+0x843493]
V  [jvm.dll+0x249fdf]
V  [jvm.dll+0x6845c9]
V  [jvm.dll+0x678e7a]
V  [jvm.dll+0x30ab4b]
V  [jvm.dll+0x311ff6]
V  [jvm.dll+0x361a5e]
V  [jvm.dll+0x361c8f]
V  [jvm.dll+0x2e0978]
V  [jvm.dll+0x2e18e4]
V  [jvm.dll+0x811c71]
V  [jvm.dll+0x36f7c8]
V  [jvm.dll+0x7f05f6]
V  [jvm.dll+0x3f398f]
V  [jvm.dll+0x3f5541]
C  [jli.dll+0x528f]
C  [ucrtbase.dll+0x21bb2]
C  [KERNEL32.DLL+0x17374]
C  [ntdll.dll+0x4cc91]


---------------  P R O C E S S  ---------------

Threads class SMR info:
_java_thread_list=0x00007ffb8cf0efd8, length=0, elements={
}

Java Threads: ( => current thread )

Other Threads:
  0x000001a6b7e76230 GCTaskThread "GC Thread#0" [stack: 0x000000183bf00000,0x000000183c000000] [id=56620]
  0x000001a6df7fa2e0 ConcurrentGCThread "G1 Main Marker" [stack: 0x000000183c000000,0x000000183c100000] [id=42564]
  0x000001a6df7fb4a0 ConcurrentGCThread "G1 Conc#0" [stack: 0x000000183c100000,0x000000183c200000] [id=44284]

[error occurred during error reporting (printing all threads), id 0xc0000005, EXCEPTION_ACCESS_VIOLATION (0xc0000005) at pc=0x00007ffb8c6c1547]

VM state: not at safepoint (not fully initialized)

VM Mutex/Monitor currently owned by a thread:  ([mutex/lock_event])
[0x000001a6b7dc19c0] Heap_lock - owner thread: 0x000001a6b7dc6ca0

Heap address: 0x0000000600800000, size: 8184 MB, Compressed Oops mode: Zero based, Oop shift amount: 3

CDS archive(s) mapped at: [0x0000000000000000-0x0000000000000000-0x0000000000000000), size 0, SharedBaseAddress: 0x0000000800000000, ArchiveRelocationMode: 1.
Narrow klass base: 0x0000000000000000, Narrow klass shift: 0, Narrow klass range: 0x0

GC Precious Log:
<Empty>

Heap:
 garbage-first heap   total 0K, used 0K [0x0000000600800000, 0x0000000800000000)
  region size 4096K, 0 young (0K), 0 survivors (0K)
 Metaspace       used 0K, committed 0K, reserved 0K
  class space    used 0K, committed 0K, reserved 0K

Heap Regions: E=young(eden), S=young(survivor), O=old, HS=humongous(starts), HC=humongous(continues), CS=collection set, F=free, OA=open archive, CA=closed archive, TAMS=top-at-mark-start (previous, next)

Card table byte_map: [0x000001a6cd7a0000,0x000001a6ce7a0000] _byte_map_base: 0x000001a6ca79c000

Marking Bits (Prev, Next): (CMBitMap*) 0x000001a6b7e76850, (CMBitMap*) 0x000001a6b7e76890
 Prev Bits: [0x000001a6cf7a0000, 0x000001a6d7780000)
 Next Bits: [0x000001a6d7780000, 0x000001a6df760000)

GC Heap History (0 events):
No events

Dll operation events (1 events):
Event: 0.007 Loaded shared library G:\JetBrain\IntelliJ IDEA Ultimate\jbr\bin\java.dll

Deoptimization events (0 events):
No events

Classes unloaded (0 events):
No events

Classes redefined (0 events):
No events

Internal exceptions (0 events):
No events

VM Operations (0 events):
No events

Events (0 events):
No events


Dynamic libraries:
0x00007ff76d080000 - 0x00007ff76d08a000 	G:\JetBrain\IntelliJ IDEA Ultimate\jbr\bin\java.exe
0x00007ffc8b9d0000 - 0x00007ffc8bbc8000 	C:\WINDOWS\SYSTEM32\ntdll.dll
0x00007ffc89b50000 - 0x00007ffc89c12000 	C:\WINDOWS\System32\KERNEL32.DLL
0x00007ffc89380000 - 0x00007ffc8967e000 	C:\WINDOWS\System32\KERNELBASE.dll
0x00007ffc897e0000 - 0x00007ffc898e0000 	C:\WINDOWS\System32\ucrtbase.dll
0x00007ffc6b580000 - 0x00007ffc6b597000 	G:\JetBrain\IntelliJ IDEA Ultimate\jbr\bin\jli.dll
0x00007ffb89b20000 - 0x00007ffb89b3b000 	G:\JetBrain\IntelliJ IDEA Ultimate\jbr\bin\VCRUNTIME140.dll
0x00007ffc8af70000 - 0x00007ffc8b10d000 	C:\WINDOWS\System32\USER32.dll
0x00007ffc6abb0000 - 0x00007ffc6ae4a000 	C:\WINDOWS\WinSxS\amd64_microsoft.windows.common-controls_6595b64144ccf1df_6.0.19041.4355_none_60b8b9eb71f62e16\COMCTL32.dll
0x00007ffc89980000 - 0x00007ffc899a2000 	C:\WINDOWS\System32\win32u.dll
0x00007ffc8a060000 - 0x00007ffc8a0fe000 	C:\WINDOWS\System32\msvcrt.dll
0x00007ffc89c20000 - 0x00007ffc89c4b000 	C:\WINDOWS\System32\GDI32.dll
0x00007ffc89130000 - 0x00007ffc89247000 	C:\WINDOWS\System32\gdi32full.dll
0x00007ffc898e0000 - 0x00007ffc8997d000 	C:\WINDOWS\System32\msvcp_win.dll
0x00007ffc8a100000 - 0x00007ffc8a12f000 	C:\WINDOWS\System32\IMM32.DLL
0x00007ffbc4450000 - 0x00007ffbc445c000 	G:\JetBrain\IntelliJ IDEA Ultimate\jbr\bin\vcruntime140_1.dll
0x00007ffb5d370000 - 0x00007ffb5d3fd000 	G:\JetBrain\IntelliJ IDEA Ultimate\jbr\bin\msvcp140.dll
0x00007ffb8c3d0000 - 0x00007ffb8d053000 	G:\JetBrain\IntelliJ IDEA Ultimate\jbr\bin\server\jvm.dll
0x00007ffc8a210000 - 0x00007ffc8a2c0000 	C:\WINDOWS\System32\ADVAPI32.dll
0x00007ffc89dc0000 - 0x00007ffc89e60000 	C:\WINDOWS\System32\sechost.dll
0x00007ffc8a620000 - 0x00007ffc8a743000 	C:\WINDOWS\System32\RPCRT4.dll
0x00007ffc89350000 - 0x00007ffc89377000 	C:\WINDOWS\System32\bcrypt.dll
0x00007ffc7a7d0000 - 0x00007ffc7a7f7000 	C:\WINDOWS\SYSTEM32\WINMM.dll
0x00007ffc76730000 - 0x00007ffc76739000 	C:\WINDOWS\SYSTEM32\WSOCK32.dll
0x00007ffc88b00000 - 0x00007ffc88b4b000 	C:\WINDOWS\SYSTEM32\POWRPROF.dll
0x00007ffc83320000 - 0x00007ffc8332a000 	C:\WINDOWS\SYSTEM32\VERSION.dll
0x00007ffc89e60000 - 0x00007ffc89ecb000 	C:\WINDOWS\System32\WS2_32.dll
0x00007ffc88ae0000 - 0x00007ffc88af2000 	C:\WINDOWS\SYSTEM32\UMPDC.dll
0x00007ffc86cd0000 - 0x00007ffc86ce2000 	C:\WINDOWS\SYSTEM32\kernel.appcore.dll
0x00007ffc7db70000 - 0x00007ffc7db7a000 	G:\JetBrain\IntelliJ IDEA Ultimate\jbr\bin\jimage.dll
0x00007ffc7d8f0000 - 0x00007ffc7dad4000 	C:\WINDOWS\SYSTEM32\DBGHELP.DLL
0x00007ffc7d8b0000 - 0x00007ffc7d8e4000 	C:\WINDOWS\SYSTEM32\dbgcore.DLL
0x00007ffc89250000 - 0x00007ffc892d2000 	C:\WINDOWS\System32\bcryptPrimitives.dll
0x00007ffc57ef0000 - 0x00007ffc57f15000 	G:\JetBrain\IntelliJ IDEA Ultimate\jbr\bin\java.dll

dbghelp: loaded successfully - version: 4.0.5 - missing functions: none
symbol engine: initialized successfully - sym options: 0x614 - pdb path: .;G:\JetBrain\IntelliJ IDEA Ultimate\jbr\bin;C:\WINDOWS\SYSTEM32;C:\WINDOWS\WinSxS\amd64_microsoft.windows.common-controls_6595b64144ccf1df_6.0.19041.4355_none_60b8b9eb71f62e16;G:\JetBrain\IntelliJ IDEA Ultimate\jbr\bin\server

VM Arguments:
java_command: git4idea.http.GitAskPassApp Username for 'https://192.168.8.32': 
java_class_path (initial): G:/JetBrain/IntelliJ IDEA Ultimate/plugins/vcs-git/lib/git4idea-rt.jar;G:/JetBrain/IntelliJ IDEA Ultimate/lib/externalProcess-rt.jar
Launcher Type: SUN_STANDARD

[Global flags]
     intx CICompilerCount                          = 4                                         {product} {ergonomic}
     uint ConcGCThreads                            = 2                                         {product} {ergonomic}
     uint G1ConcRefinementThreads                  = 8                                         {product} {ergonomic}
   size_t G1HeapRegionSize                         = 4194304                                   {product} {ergonomic}
    uintx GCDrainStackTargetSize                   = 64                                        {product} {ergonomic}
   size_t InitialHeapSize                          = 536870912                                 {product} {ergonomic}
   size_t MarkStackSize                            = 4194304                                   {product} {ergonomic}
   size_t MaxHeapSize                              = 8581545984                                {product} {ergonomic}
   size_t MinHeapDeltaBytes                        = 4194304                                   {product} {ergonomic}
   size_t MinHeapSize                              = 8388608                                   {product} {ergonomic}
    uintx NonNMethodCodeHeapSize                   = 5839372                                {pd product} {ergonomic}
    uintx NonProfiledCodeHeapSize                  = 122909434                              {pd product} {ergonomic}
    uintx ProfiledCodeHeapSize                     = 122909434                              {pd product} {ergonomic}
    uintx ReservedCodeCacheSize                    = 251658240                              {pd product} {ergonomic}
     bool SegmentedCodeCache                       = true                                      {product} {ergonomic}
   size_t SoftMaxHeapSize                          = 8581545984                             {manageable} {ergonomic}
     bool UseCompressedClassPointers               = true                           {product lp64_product} {ergonomic}
     bool UseCompressedOops                        = true                           {product lp64_product} {ergonomic}
     bool UseG1GC                                  = true                                      {product} {ergonomic}
     bool UseLargePagesIndividualAllocation        = false                                  {pd product} {ergonomic}

Logging:
Log output configuration:
 #0: stdout all=warning uptime,level,tags
 #1: stderr all=off uptime,level,tags

Environment Variables:
JAVA_HOME=C:\Program Files\Java\jdk1.8.0_251
PATH=C:\Program Files\Git\mingw64\libexec\git-core;C:\Program Files\Git\mingw64\libexec\git-core;C:\Program Files\Git\mingw64\bin;C:\Program Files\Git\usr\bin;C:\Users\psoko\bin;G:\Program Files (x86)\VMware\VMware Workstation\bin;C:\Python312\Scripts;C:\Python312;C:\Program Files\Common Files\Oracle\Java\javapath;C:\Program Files (x86)\Common Files\Oracle\Java\java8path;C:\Program Files (x86)\Common Files\Oracle\Java\javapath;C:\Program Files\Microsoft MPI\Bin;C:\program files\php\v7.3;C:\program files\php\v7.0;C:\windows\system32\inetsrv;C:\windows\system32;C:\windows;C:\windows\system32\wbem;C:\windows\system32\windowspowershell\v1.0;C:\windows\system32\openssh;C:\program files\microsoft sql server\client sdk\odbc\130\tools\binn;C:\program files (x86)\microsoft sql server\140\tools\binn;C:\program files\microsoft sql server\140\tools\binn;C:\program files\microsoft sql server\140\dts\binn;C:\program files;C:\programdata\chocolatey\bin;C:\program files\microsoft sql server\client sdk\odbc\170\tools\binn;C:\windows\system32;C:\windows;C:\windows\system32\wbem;C:\windows\system32\windowspowershell\v1.0;C:\windows\system32\openssh;F:\spring-roo-2.0.0.release\bin;C:\program files (x86)\intel\intel(r) management engine components\dal;C:\program files\intel\intel(r) management engine components\dal;C:\program files (x86)\intel\intel(r) management engine components\ipt;C:\program files\intel\intel(r) management engine components\ipt;C:\program files\dotnet;C:\program files (x86)\common files\divx shared\desktopservice;C:\program files\git\cmd;C:\Program Files\Java\jdk1.8.0_251\bin2;C:\Program Files (x86)\dotnet;C:\Program Files (x86)\NVIDIA Corporation\PhysX\Common;C:\Program Files (x86)\Subversion\bin;C:\tools\lxrunoffline;F:\graalvm-jdk-21+35.1\bin;G:\Program Files (x86)\Microsoft Visual Studio\2022\BuildTools\VC\Auxiliary\Build;C:\Program Files\Pandoc;C:\Program Files\PuTTY;C:\Program Files\TortoiseSVN\bin;C:\Program Files\Git\cmd;C:\Program Files\nodejs;C:\Program Files
USERNAME=psokolov local
DISPLAY=:0.0
LC_ALL=en_US.UTF-8
TERM=xterm-256color
TMPDIR=C:\Users\psoko\AppData\Local\Temp
OS=Windows_NT
PROCESSOR_IDENTIFIER=Intel64 Family 6 Model 158 Stepping 9, GenuineIntel
TMP=C:\Users\psoko\AppData\Local\Temp
TEMP=C:\Users\psoko\AppData\Local\Temp



Periodic native trim disabled

JNI global refs:
JNI global refs: 0, weak refs: 0

JNI global refs memory usage: 0, weak refs: 0

Process memory usage:
Resident Set Size: 11692K (0% of 33515760K total physical memory with 9270912K free physical memory)

OOME stack traces (most recent first):
Classloader memory used:


---------------  S Y S T E M  ---------------

OS:
 Windows 10 , 64 bit Build 19041 (10.0.19041.4957)
OS uptime: 1 days 7:36 hours
Hyper-V role detected

CPU: total 8 (initial active 8) (4 cores per cpu, 2 threads per core) family 6 model 158 stepping 9 microcode 0xb4, cx8, cmov, fxsr, ht, mmx, 3dnowpref, sse, sse2, sse3, ssse3, sse4.1, sse4.2, popcnt, lzcnt, tsc, tscinvbit, avx, avx2, aes, erms, clmul, bmi1, bmi2, rtm, adx, fma, vzeroupper, clflush, clflushopt, hv
Processor Information for all 8 processors :
  Max Mhz: 4200, Current Mhz: 4200, Mhz Limit: 4200

Memory: 4k page, system-wide physical 32730M (9053M free)
TotalPageFile size 32730M (AvailPageFile size 381M)
current process WorkingSet (physical memory assigned to process): 11M, peak: 11M
current process commit charge ("private bytes"): 60M, peak: 572M

vm_info: OpenJDK 64-Bit Server VM (17.0.11+1-b1207.24) for windows-amd64 JRE (17.0.11+1-b1207.24), built on 2024-05-15 by "builduser" with MS VC++ 16.10 / 16.11 (VS2019)

END.
