#
# There is insufficient memory for the Java Runtime Environment to continue.
# Native memory allocation (mmap) failed to map 536870912 bytes. Error detail: G1 virtual space
# Possible reasons:
#   The system is out of physical RAM or swap space
#   This process is running with CompressedOops enabled, and the Java Heap may be blocking the growth of the native heap
# Possible solutions:
#   Reduce memory load on the system
#   Increase physical memory or swap space
#   Check if swap backing store is full
#   Decrease Java heap size (-Xmx/-Xms)
#   Decrease number of Java threads
#   Decrease Java thread stack sizes (-Xss)
#   Set larger code cache with -XX:ReservedCodeCacheSize=
#   JVM is running with Zero Based Compressed Oops mode in which the Java heap is
#     placed in the first 32GB address space. The Java Heap base address is the
#     maximum limit for the native heap growth. Please use -XX:HeapBaseMinAddress
#     to set the Java Heap base and to place the Java Heap above 32GB virtual address.
# This output file may be truncated or incomplete.
#
#  Out of Memory Error (os_windows.cpp:3828), pid=30088, tid=30024
#
# JRE version:  (21.0.4+13) (build )
# Java VM: OpenJDK 64-Bit Server VM (21.0.4+13-b509.17, mixed mode, sharing, tiered, compressed oops, compressed class ptrs, g1 gc, windows-amd64)
# No core dump will be written. Minidumps are not enabled by default on client versions of Windows
#

---------------  S U M M A R Y ------------

Command Line: git4idea.http.GitAskPassApp Username for 'https://192.168.8.32': 

Host: Intel(R) Core(TM) i7-7700K CPU @ 4.20GHz, 8 cores, 31G,  Windows 10 , 64 bit Build 19041 (10.0.19041.5440)
Time: Wed Feb 12 16:26:35 2025 RTZ 2 (s 10 , 64 bit Build 19041 (10.0.19041.5440) elapsed time: 0.039012 seconds (0d 0h 0m 0s)

---------------  T H R E A D  ---------------

Current thread (0x0000022df5fd8b60):  JavaThread "Unknown thread" [_thread_in_vm, id=30024, stack(0x000000866e200000,0x000000866e300000) (1024K)]

Stack: [0x000000866e200000,0x000000866e300000]
Native frames: (J=compiled Java code, j=interpreted, Vv=VM code, C=native code)
V  [jvm.dll+0x6e36d9]
V  [jvm.dll+0x8c0bd3]
V  [jvm.dll+0x8c312e]
V  [jvm.dll+0x8c3813]
V  [jvm.dll+0x288256]
V  [jvm.dll+0x6dfe65]
V  [jvm.dll+0x6d433a]
V  [jvm.dll+0x36209b]
V  [jvm.dll+0x369c46]
V  [jvm.dll+0x3bbd76]
V  [jvm.dll+0x3bc048]
V  [jvm.dll+0x33485c]
V  [jvm.dll+0x33554b]
V  [jvm.dll+0x888039]
V  [jvm.dll+0x3c8ea8]
V  [jvm.dll+0x8711d8]
V  [jvm.dll+0x45d85e]
V  [jvm.dll+0x45f541]
C  [jli.dll+0x52ab]
C  [ucrtbase.dll+0x21bb2]
C  [KERNEL32.DLL+0x17374]
C  [ntdll.dll+0x4cc91]


---------------  P R O C E S S  ---------------

Threads class SMR info:
_java_thread_list=0x00007ffea62e2108, length=0, elements={
}

Java Threads: ( => current thread )
Total: 0

Other Threads:
  0x0000022df607fb60 WorkerThread "GC Thread#0"                     [id=28664, stack(0x000000866e300000,0x000000866e400000) (1024K)]
  0x0000022df6090cb0 ConcurrentGCThread "G1 Main Marker"            [id=29240, stack(0x000000866e400000,0x000000866e500000) (1024K)]
  0x0000022df6091f50 WorkerThread "G1 Conc#0"                       [id=30508, stack(0x000000866e500000,0x000000866e600000) (1024K)]

[error occurred during error reporting (printing all threads), id 0xc0000005, EXCEPTION_ACCESS_VIOLATION (0xc0000005) at pc=0x00007ffea59d7917]
VM state: not at safepoint (not fully initialized)

VM Mutex/Monitor currently owned by a thread:  ([mutex/lock_event])
[0x00007ffea6356a48] Heap_lock - owner thread: 0x0000022df5fd8b60

Heap address: 0x0000000600800000, size: 8184 MB, Compressed Oops mode: Zero based, Oop shift amount: 3

CDS archive(s) mapped at: [0x0000000000000000-0x0000000000000000-0x0000000000000000), size 0, SharedBaseAddress: 0x0000000800000000, ArchiveRelocationMode: 1.
Narrow klass base: 0x0000000000000000, Narrow klass shift: 0, Narrow klass range: 0x0

GC Precious Log:
 CardTable entry size: 512
 Card Set container configuration: InlinePtr #cards 4 size 8 Array Of Cards #cards 32 size 80 Howl #buckets 8 coarsen threshold 7372 Howl Bitmap #cards 1024 size 144 coarsen threshold 921 Card regions per heap region 1 cards per card region 8192

Heap:
 garbage-first heap   total 0K, used 0K [0x0000000600800000, 0x0000000800000000)
  region size 4096K, 0 young (0K), 0 survivors (0K)
 Metaspace       used 0K, committed 0K, reserved 0K
  class space    used 0K, committed 0K, reserved 0K

Heap Regions: E=young(eden), S=young(survivor), O=old, HS=humongous(starts), HC=humongous(continues), CS=collection set, F=free, TAMS=top-at-mark-start, PB=parsable bottom

Card table byte_map: [0x0000022dfd130000,0x0000022dfe130000] _byte_map_base: 0x0000022dfa12c000

Marking Bits: (CMBitMap*) 0x0000022df6080260
 Bits: [0x0000022d8f000000, 0x0000022d96fe0000)

GC Heap History (0 events):
No events

Dll operation events (1 events):
Event: 0.007 Loaded shared library E:\Program Files\JetBrains\IntelliJ IDEA 2024.2.3\jbr\bin\java.dll

Deoptimization events (0 events):
No events

Classes loaded (0 events):
No events

Classes unloaded (0 events):
No events

Classes redefined (0 events):
No events

Internal exceptions (0 events):
No events

ZGC Phase Switch (0 events):
No events

VM Operations (0 events):
No events

Memory protections (0 events):
No events

Nmethod flushes (0 events):
No events

Events (0 events):
No events


Dynamic libraries:
0x00007ff69a150000 - 0x00007ff69a15a000 	E:\Program Files\JetBrains\IntelliJ IDEA 2024.2.3\jbr\bin\java.exe
0x00007ffefc6f0000 - 0x00007ffefc8e8000 	C:\WINDOWS\SYSTEM32\ntdll.dll
0x00007ffefb6b0000 - 0x00007ffefb772000 	C:\WINDOWS\System32\KERNEL32.DLL
0x00007ffef9d90000 - 0x00007ffefa08f000 	C:\WINDOWS\System32\KERNELBASE.dll
0x00007ffefa5e0000 - 0x00007ffefa6e0000 	C:\WINDOWS\System32\ucrtbase.dll
0x00007ffee4870000 - 0x00007ffee488b000 	E:\Program Files\JetBrains\IntelliJ IDEA 2024.2.3\jbr\bin\VCRUNTIME140.dll
0x00007ffee2ae0000 - 0x00007ffee2af8000 	E:\Program Files\JetBrains\IntelliJ IDEA 2024.2.3\jbr\bin\jli.dll
0x00007ffefb780000 - 0x00007ffefb91d000 	C:\WINDOWS\System32\USER32.dll
0x00007ffefa420000 - 0x00007ffefa442000 	C:\WINDOWS\System32\win32u.dll
0x00007ffefbd10000 - 0x00007ffefbd3b000 	C:\WINDOWS\System32\GDI32.dll
0x00007ffee8f00000 - 0x00007ffee919a000 	C:\WINDOWS\WinSxS\amd64_microsoft.windows.common-controls_6595b64144ccf1df_6.0.19041.4355_none_60b8b9eb71f62e16\COMCTL32.dll
0x00007ffefa260000 - 0x00007ffefa37a000 	C:\WINDOWS\System32\gdi32full.dll
0x00007ffefbe60000 - 0x00007ffefbefe000 	C:\WINDOWS\System32\msvcrt.dll
0x00007ffefa380000 - 0x00007ffefa41d000 	C:\WINDOWS\System32\msvcp_win.dll
0x00007ffefb0b0000 - 0x00007ffefb0df000 	C:\WINDOWS\System32\IMM32.DLL
0x00007ffeeda90000 - 0x00007ffeeda9c000 	E:\Program Files\JetBrains\IntelliJ IDEA 2024.2.3\jbr\bin\vcruntime140_1.dll
0x00007ffea42b0000 - 0x00007ffea433d000 	E:\Program Files\JetBrains\IntelliJ IDEA 2024.2.3\jbr\bin\msvcp140.dll
0x00007ffea5690000 - 0x00007ffea6447000 	E:\Program Files\JetBrains\IntelliJ IDEA 2024.2.3\jbr\bin\server\jvm.dll
0x00007ffefbb10000 - 0x00007ffefbbbf000 	C:\WINDOWS\System32\ADVAPI32.dll
0x00007ffefbf00000 - 0x00007ffefbf9f000 	C:\WINDOWS\System32\sechost.dll
0x00007ffefbbe0000 - 0x00007ffefbd03000 	C:\WINDOWS\System32\RPCRT4.dll
0x00007ffefa6e0000 - 0x00007ffefa707000 	C:\WINDOWS\System32\bcrypt.dll
0x00007ffefbaa0000 - 0x00007ffefbb0b000 	C:\WINDOWS\System32\WS2_32.dll
0x00007ffef92e0000 - 0x00007ffef932b000 	C:\WINDOWS\SYSTEM32\POWRPROF.dll
0x00007ffeef810000 - 0x00007ffeef81a000 	C:\WINDOWS\SYSTEM32\VERSION.dll
0x00007ffeecc10000 - 0x00007ffeecc37000 	C:\WINDOWS\SYSTEM32\WINMM.dll
0x00007ffef9150000 - 0x00007ffef9162000 	C:\WINDOWS\SYSTEM32\UMPDC.dll
0x00007ffef7af0000 - 0x00007ffef7b02000 	C:\WINDOWS\SYSTEM32\kernel.appcore.dll
0x00007ffeeb4d0000 - 0x00007ffeeb4da000 	E:\Program Files\JetBrains\IntelliJ IDEA 2024.2.3\jbr\bin\jimage.dll
0x00007ffeec160000 - 0x00007ffeec344000 	C:\WINDOWS\SYSTEM32\DBGHELP.DLL
0x00007ffee33b0000 - 0x00007ffee33e4000 	C:\WINDOWS\SYSTEM32\dbgcore.DLL
0x00007ffefa4a0000 - 0x00007ffefa522000 	C:\WINDOWS\System32\bcryptPrimitives.dll
0x00007ffee30f0000 - 0x00007ffee310f000 	E:\Program Files\JetBrains\IntelliJ IDEA 2024.2.3\jbr\bin\java.dll

dbghelp: loaded successfully - version: 4.0.5 - missing functions: none
symbol engine: initialized successfully - sym options: 0x614 - pdb path: .;E:\Program Files\JetBrains\IntelliJ IDEA 2024.2.3\jbr\bin;C:\WINDOWS\SYSTEM32;C:\WINDOWS\WinSxS\amd64_microsoft.windows.common-controls_6595b64144ccf1df_6.0.19041.4355_none_60b8b9eb71f62e16;E:\Program Files\JetBrains\IntelliJ IDEA 2024.2.3\jbr\bin\server

VM Arguments:
java_command: git4idea.http.GitAskPassApp Username for 'https://192.168.8.32': 
java_class_path (initial): E:/Program Files/JetBrains/IntelliJ IDEA 2024.2.3/plugins/vcs-git/lib/git4idea-rt.jar;E:/Program Files/JetBrains/IntelliJ IDEA 2024.2.3/lib/externalProcess-rt.jar
Launcher Type: SUN_STANDARD

[Global flags]
     intx CICompilerCount                          = 4                                         {product} {ergonomic}
     uint ConcGCThreads                            = 2                                         {product} {ergonomic}
     uint G1ConcRefinementThreads                  = 8                                         {product} {ergonomic}
   size_t G1HeapRegionSize                         = 4194304                                   {product} {ergonomic}
    uintx GCDrainStackTargetSize                   = 64                                        {product} {ergonomic}
   size_t InitialHeapSize                          = 536870912                                 {product} {ergonomic}
   size_t MarkStackSize                            = 4194304                                   {product} {ergonomic}
   size_t MaxHeapSize                              = 8581545984                                {product} {ergonomic}
   size_t MinHeapDeltaBytes                        = 4194304                                   {product} {ergonomic}
   size_t MinHeapSize                              = 8388608                                   {product} {ergonomic}
    uintx NonNMethodCodeHeapSize                   = 5839372                                {pd product} {ergonomic}
    uintx NonProfiledCodeHeapSize                  = 122909434                              {pd product} {ergonomic}
    uintx ProfiledCodeHeapSize                     = 122909434                              {pd product} {ergonomic}
    uintx ReservedCodeCacheSize                    = 251658240                              {pd product} {ergonomic}
     bool SegmentedCodeCache                       = true                                      {product} {ergonomic}
   size_t SoftMaxHeapSize                          = 8581545984                             {manageable} {ergonomic}
     bool UseCompressedOops                        = true                           {product lp64_product} {ergonomic}
     bool UseG1GC                                  = true                                      {product} {ergonomic}
     bool UseLargePagesIndividualAllocation        = false                                  {pd product} {ergonomic}

Logging:
Log output configuration:
 #0: stdout all=warning uptime,level,tags foldmultilines=false
 #1: stderr all=off uptime,level,tags foldmultilines=false

Environment Variables:
JAVA_HOME=C:\Users\psoko\.jdks\liberica-full-17.0.11
PATH=C:\Program Files\Git\mingw64\libexec\git-core;C:\Program Files\Git\mingw64\libexec\git-core;C:\Program Files\Git\mingw64\bin;C:\Program Files\Git\usr\bin;C:\Users\psoko\bin;G:\Program Files (x86)\VMware\VMware Workstation\bin;C:\Python312\Scripts;C:\Python312;C:\Program Files\Common Files\Oracle\Java\javapath;C:\Program Files (x86)\Common Files\Oracle\Java\java8path;C:\Program Files (x86)\Common Files\Oracle\Java\javapath;C:\Program Files\Microsoft MPI\Bin;C:\program files\php\v7.3;C:\program files\php\v7.0;C:\windows\system32\inetsrv;C:\windows\system32;C:\windows;C:\windows\system32\wbem;C:\windows\system32\windowspowershell\v1.0;C:\windows\system32\openssh;C:\program files\microsoft sql server\client sdk\odbc\130\tools\binn;C:\program files (x86)\microsoft sql server\140\tools\binn;C:\program files\microsoft sql server\140\tools\binn;C:\program files\microsoft sql server\140\dts\binn;C:\program files;C:\programdata\chocolatey\bin;C:\program files\microsoft sql server\client sdk\odbc\170\tools\binn;C:\windows\system32;C:\windows;C:\windows\system32\wbem;C:\windows\system32\windowspowershell\v1.0;C:\windows\system32\openssh;F:\spring-roo-2.0.0.release\bin;C:\program files (x86)\intel\intel(r) management engine components\dal;C:\program files\intel\intel(r) management engine components\dal;C:\program files (x86)\intel\intel(r) management engine components\ipt;C:\program files\intel\intel(r) management engine components\ipt;C:\program files\dotnet;C:\program files (x86)\common files\divx shared\desktopservice;C:\program files\git\cmd;C:\Users\psoko\.jdks\liberica-full-17.0.11\bin;C:\Program Files (x86)\dotnet;C:\Program Files (x86)\Subversion\bin;C:\tools\lxrunoffline;F:\graalvm-jdk-21+35.1\bin;G:\Program Files (x86)\Microsoft Visual Studio\2022\BuildTools\VC\Auxiliary\Build;C:\Program Files\Pandoc;C:\Program Files (x86)\Common Files\DivX11 Shared\DesktopService;C:\Program Files\TortoiseGit\bin;C:\Program Files\Git\cmd;C:\Program Files\PuTTY;C:\Program Files\TortoiseSVN\bin;C:\Program Files\PowerShell\7;C:\Program Files\NVIDIA Corporation\NVIDIA app\NvDLISR;C:\Program Files (x86)\NVIDIA Corporation\PhysX\Common;C:\Program Files\Docker\Docker\resources\bin;C:\Users\psoko\AppData\Local\Microsoft\WindowsApps;C:\Users\psoko\.dotnet\tools;C:\Users\psoko\AppData\Local\GitHubDesktop\bin;C:\Program Files\R\R-3.5.2\bin\i386;C:\Users\psoko\AppData\Local\Programs\Fiddler;C:\Users\psoko\AppData\Local\Microsoft\WindowsApps;C:\Program Files\Git\usr\bin;G:\Program Files\JetBrains\IntelliJ IDEA 2024.1.2\bin;C:\Program Files\JetBrains\GoLand 2020.2.3\bin;C:\Program Files\Azure Data Studio\bin;C:\Program Files\JetBrains\WebStorm 2020.2.3\bin;C:\Program Files\TortoiseSVN\bin;F:\kafka\zookeeper\bin;C:\Users\psoko\AppData\Local\Packages\PythonSoftwareFoundation.Python.3.10_qbz5n2kfra8p0\LocalCache\local-packages\Python310\Scripts;C:\Users\psoko\AppData\Local\Programs\MiKTeX\miktex\bin\x64;C:\Program Files\Azure Data Studio\bin;C:\Users\psoko\AppData\Local\Programs\Microsoft VS Code\bin;C:\Program Files\Azure Data Studio\bin;C:\Users\psoko\.jdks\liberica-full-17.0.11\bin;C:\Program Files\Azure Data Studio\bin;C:\Users\psoko\AppData\Local\JetBrains\Toolbox\scripts;C:\Users\psoko\AppData\Local\Microsoft\WinGet\Links;C:\Program Files\JetBrains\WebStorm 2024.2.3\bin;C:\Users\psoko\AppData\Roaming\npm;E:\Program Files\JetBrains\IntelliJ IDEA 2024.2.3\bin
USERNAME=psokolov local
DISPLAY=:0.0
LC_ALL=en_US.UTF-8
TERM=xterm-256color
TMPDIR=C:\Users\psoko\AppData\Local\Temp
OS=Windows_NT
PROCESSOR_IDENTIFIER=Intel64 Family 6 Model 158 Stepping 9, GenuineIntel
TMP=C:\Users\psoko\AppData\Local\Temp
TEMP=C:\Users\psoko\AppData\Local\Temp




Periodic native trim disabled

JNI global refs:
JNI global refs: 0, weak refs: 0

JNI global refs memory usage: 0, weak refs: 0

Process memory usage:
Resident Set Size: 11112K (0% of 33515480K total physical memory with 4819448K free physical memory)

OOME stack traces (most recent first):
Classloader memory used:

---------------  S Y S T E M  ---------------

OS:
 Windows 10 , 64 bit Build 19041 (10.0.19041.5440)
OS uptime: 1 days 23:03 hours
Hyper-V role detected

CPU: total 8 (initial active 8) (4 cores per cpu, 2 threads per core) family 6 model 158 stepping 9 microcode 0xb4, cx8, cmov, fxsr, ht, mmx, 3dnowpref, sse, sse2, sse3, ssse3, sse4.1, sse4.2, popcnt, lzcnt, tsc, tscinvbit, avx, avx2, aes, erms, clmul, bmi1, bmi2, rtm, adx, fma, vzeroupper, clflush, clflushopt, hv, rdtscp, f16c
Processor Information for all 8 processors :
  Max Mhz: 4200, Current Mhz: 4200, Mhz Limit: 4200

Memory: 4k page, system-wide physical 32729M (4706M free)
TotalPageFile size 32729M (AvailPageFile size 14M)
current process WorkingSet (physical memory assigned to process): 10M, peak: 10M
current process commit charge ("private bytes"): 60M, peak: 572M

vm_info: OpenJDK 64-Bit Server VM (21.0.4+13-b509.17) for windows-amd64 JRE (21.0.4+13-b509.17), built on 2024-09-04 by "builduser" with MS VC++ 16.10 / 16.11 (VS2019)

END.
