#
# There is insufficient memory for the Java Runtime Environment to continue.
# Native memory allocation (mmap) failed to map 65536 bytes. Error detail: Failed to commit metaspace.
# Possible reasons:
#   The system is out of physical RAM or swap space
#   This process is running with CompressedOops enabled, and the Java Heap may be blocking the growth of the native heap
# Possible solutions:
#   Reduce memory load on the system
#   Increase physical memory or swap space
#   Check if swap backing store is full
#   Decrease Java heap size (-Xmx/-Xms)
#   Decrease number of Java threads
#   Decrease Java thread stack sizes (-Xss)
#   Set larger code cache with -XX:ReservedCodeCacheSize=
#   JVM is running with Zero Based Compressed Oops mode in which the Java heap is
#     placed in the first 32GB address space. The Java Heap base address is the
#     maximum limit for the native heap growth. Please use -XX:HeapBaseMinAddress
#     to set the Java Heap base and to place the Java Heap above 32GB virtual address.
# This output file may be truncated or incomplete.
#
#  Out of Memory Error (virtualSpaceNode.cpp:110), pid=27728, tid=16968
#
# JRE version: OpenJDK Runtime Environment (17.0.11+12) (build 17.0.11+12-LTS)
# Java VM: OpenJDK 64-Bit Server VM (17.0.11+12-LTS, mixed mode, sharing, tiered, compressed oops, compressed class ptrs, g1 gc, windows-amd64)
# No core dump will be written. Minidumps are not enabled by default on client versions of Windows
#

---------------  S U M M A R Y ------------

Command Line: C:\Users\psoko\AppData\Local\Temp\surefire757314569287313730\surefirebooter-20240926133750671_3.jar C:\Users\psoko\AppData\Local\Temp\surefire757314569287313730 2024-09-26T13-37-50_478-jvmRun1 surefire-20240926133750671_1tmp surefire_0-20240926133750671_2tmp

Host: Intel(R) Core(TM) i7-7700K CPU @ 4.20GHz, 8 cores, 31G,  Windows 10 , 64 bit Build 19041 (10.0.19041.4957)
Time: Thu Sep 26 13:37:51 2024 RTZ 2 (s 10 , 64 bit Build 19041 (10.0.19041.4957) elapsed time: 0.185972 seconds (0d 0h 0m 0s)

---------------  T H R E A D  ---------------

Current thread (0x000001beaabc8330):  JavaThread "main" [_thread_in_vm, id=16968, stack(0x0000005499000000,0x0000005499100000)]

Stack: [0x0000005499000000,0x0000005499100000]
Native frames: (J=compiled Java code, j=interpreted, Vv=VM code, C=native code)
V  [jvm.dll+0x67c789]
V  [jvm.dll+0x832ce8]
V  [jvm.dll+0x8347ae]
V  [jvm.dll+0x834e13]
V  [jvm.dll+0x24827f]
V  [jvm.dll+0x82eabb]
V  [jvm.dll+0x6214c6]
V  [jvm.dll+0x62152a]
V  [jvm.dll+0x623d6d]
V  [jvm.dll+0x621e86]
V  [jvm.dll+0x23dc21]
V  [jvm.dll+0x1ec167]
V  [jvm.dll+0x1e1d41]
V  [jvm.dll+0x541c5b]
V  [jvm.dll+0x1f28ea]
V  [jvm.dll+0x7ac51a]
V  [jvm.dll+0x7ad929]
V  [jvm.dll+0x7adc78]
V  [jvm.dll+0x24058b]
V  [jvm.dll+0x3813ee]
C  0x000001bebc7eb8ce

The last pc belongs to new (printed below).
Java frames: (J=compiled Java code, j=interpreted, Vv=VM code)
j  java.lang.management.DefaultPlatformMBeanProvider.init()Ljava/util/List;+61 java.management@17.0.11
j  java.lang.management.DefaultPlatformMBeanProvider.<init>()V+6 java.management@17.0.11
j  java.lang.management.ManagementFactory$PlatformMBeanFinder$1.run()Ljava/util/List;+52 java.management@17.0.11
j  java.lang.management.ManagementFactory$PlatformMBeanFinder$1.run()Ljava/lang/Object;+1 java.management@17.0.11
j  java.security.AccessController.executePrivileged(Ljava/security/PrivilegedAction;Ljava/security/AccessControlContext;Ljava/lang/Class;)Ljava/lang/Object;+29 java.base@17.0.11
j  java.security.AccessController.doPrivileged(Ljava/security/PrivilegedAction;Ljava/security/AccessControlContext;)Ljava/lang/Object;+13 java.base@17.0.11
j  java.security.AccessController.doPrivileged(Ljava/security/PrivilegedAction;Ljava/security/AccessControlContext;[Ljava/security/Permission;)Ljava/lang/Object;+48 java.base@17.0.11
j  java.lang.management.ManagementFactory$PlatformMBeanFinder.<clinit>()V+38 java.management@17.0.11
v  ~StubRoutines::call_stub
j  java.lang.management.ManagementFactory.getPlatformMXBean(Ljava/lang/Class;)Ljava/lang/management/PlatformManagedObject;+1 java.management@17.0.11
j  java.lang.management.ManagementFactory.getRuntimeMXBean()Ljava/lang/management/RuntimeMXBean;+2 java.management@17.0.11
j  org.apache.maven.surefire.booter.ForkedBooter.isDebugging()Z+0
j  org.apache.maven.surefire.booter.ForkedBooter.setupBooter(Ljava/lang/String;Ljava/lang/String;Ljava/lang/String;Ljava/lang/String;)V+60
j  org.apache.maven.surefire.booter.ForkedBooter.run(Lorg/apache/maven/surefire/booter/ForkedBooter;[Ljava/lang/String;)V+23
j  org.apache.maven.surefire.booter.ForkedBooter.main([Ljava/lang/String;)V+10
v  ~StubRoutines::call_stub
new  187 new  [0x000001bebc7eb740, 0x000001bebc7eb960]  544 bytes
[MachCode]
  0x000001bebc7eb740: 4883 ec08 | c5fa 1104 | 24eb 1f48 | 83ec 10c5 | fb11 0424 | eb14 4883 | ec10 4889 | 0424 48c7 
  0x000001bebc7eb760: 4424 0800 | 0000 00eb | 0150 410f | b755 010f | cac1 ea10 | 488b 4de8 | 488b 4908 | 488b 4908 
  0x000001bebc7eb780: 488b 4108 | 807c 1004 | 070f 85df | 0000 0066 | 8b54 d148 | 488b 4928 | 488b 4cd1 | 0851 80b9 
  0x000001bebc7eb7a0: 3301 0000 | 040f 85c2 | 0000 008b | 5108 f7c2 | 0100 0000 | 0f85 b300 | 0000 498b | 8708 0100 
  0x000001bebc7eb7c0: 0048 8d1c | 1049 3b9f | 1801 0000 | 0f87 9b00 | 0000 4989 | 9f08 0100 | 00e9 0000 | 0000 4883 
  0x000001bebc7eb7e0: ea10 0f84 | 0f00 0000 | 33c9 c1ea | 0348 894c | d008 48ff | ca75 f648 | c700 0100 | 0000 5933 
  0x000001bebc7eb800: f689 700c | 49ba 0000 | 00db be01 | 0000 492b | ca89 4808 | 49ba 4379 | 878a fb7f | 0000 4180 
  0x000001bebc7eb820: 3a00 0f84 | 4000 0000 | 5048 8bc8 | 4883 ec20 | f7c4 0f00 | 0000 0f84 | 1a00 0000 | 4883 ec08 
  0x000001bebc7eb840: 49ba d021 | 3d8a fb7f | 0000 41ff | d248 83c4 | 08e9 0d00 | 0000 49ba | d021 3d8a | fb7f 0000 
  0x000001bebc7eb860: 41ff d248 | 83c4 2058 | e9cd 0000 | 0059 488b | 55e8 488b | 5208 488b | 5208 450f | b745 0141 
  0x000001bebc7eb880: 0fc8 41c1 | e810 e805 | 0000 00e9 | aa00 0000 | 488d 4424 | 084c 896d | c049 8bcf | c5f8 7749 
  0x000001bebc7eb8a0: 89af a802 | 0000 4989 | 8798 0200 | 0048 83ec | 20f7 c40f | 0000 000f | 841a 0000 | 0048 83ec 
  0x000001bebc7eb8c0: 0849 baa0 | 1307 8afb | 7f00 0041 | ffd2 4883 | c408 e90d | 0000 0049 | baa0 1307 | 8afb 7f00 
  0x000001bebc7eb8e0: 0041 ffd2 | 4883 c420 | 49c7 8798 | 0200 0000 | 0000 0049 | c787 a802 | 0000 0000 | 0000 49c7 
  0x000001bebc7eb900: 87a0 0200 | 0000 0000 | 00c5 f877 | 4981 7f08 | 0000 0000 | 0f84 0500 | 0000 e9e1 | 55fe ff49 
  0x000001bebc7eb920: 8b87 f002 | 0000 49c7 | 87f0 0200 | 0000 0000 | 004c 8b6d | c04c 8b75 | c8c3 410f | b65d 0349 
  0x000001bebc7eb940: 83c5 0349 | ba50 e589 | 8afb 7f00 | 0041 ff24 | da0f 1f80 | 0000 0000 | 0000 0000 | 0000 0000 
[/MachCode]

---------------  P R O C E S S  ---------------

Threads class SMR info:
_java_thread_list=0x000001beda95fee0, length=12, elements={
0x000001beaabc8330, 0x000001bed7f092c0, 0x000001bed7f0a640, 0x000001bed7f20ee0,
0x000001bed7f218b0, 0x000001bed7f25290, 0x000001bed7f25c50, 0x000001bed7f269f0,
0x000001bed7f274a0, 0x000001bed7f29eb0, 0x000001beda9896e0, 0x000001beda98ac30
}

Java Threads: ( => current thread )
=>0x000001beaabc8330 JavaThread "main" [_thread_in_vm, id=16968, stack(0x0000005499000000,0x0000005499100000)]
  0x000001bed7f092c0 JavaThread "Reference Handler" daemon [_thread_blocked, id=54072, stack(0x0000005499700000,0x0000005499800000)]
  0x000001bed7f0a640 JavaThread "Finalizer" daemon [_thread_blocked, id=49604, stack(0x0000005499800000,0x0000005499900000)]
  0x000001bed7f20ee0 JavaThread "Signal Dispatcher" daemon [_thread_blocked, id=52616, stack(0x0000005499900000,0x0000005499a00000)]
  0x000001bed7f218b0 JavaThread "Attach Listener" daemon [_thread_blocked, id=34144, stack(0x0000005499a00000,0x0000005499b00000)]
  0x000001bed7f25290 JavaThread "Service Thread" daemon [_thread_blocked, id=54028, stack(0x0000005499b00000,0x0000005499c00000)]
  0x000001bed7f25c50 JavaThread "Monitor Deflation Thread" daemon [_thread_blocked, id=29628, stack(0x0000005499c00000,0x0000005499d00000)]
  0x000001bed7f269f0 JavaThread "C2 CompilerThread0" daemon [_thread_blocked, id=51636, stack(0x0000005499d00000,0x0000005499e00000)]
  0x000001bed7f274a0 JavaThread "C1 CompilerThread0" daemon [_thread_blocked, id=53472, stack(0x0000005499e00000,0x0000005499f00000)]
  0x000001bed7f29eb0 JavaThread "Sweeper thread" daemon [_thread_blocked, id=53504, stack(0x0000005499f00000,0x000000549a000000)]
  0x000001beda9896e0 JavaThread "Notification Thread" daemon [_thread_blocked, id=52412, stack(0x000000549a000000,0x000000549a100000)]
  0x000001beda98ac30 JavaThread "Common-Cleaner" daemon [_thread_blocked, id=54040, stack(0x000000549a200000,0x000000549a300000)]

Other Threads:
  0x000001bed7f03df0 VMThread "VM Thread" [stack: 0x0000005499600000,0x0000005499700000] [id=48300]
  0x000001beda98a7e0 WatcherThread [stack: 0x000000549a100000,0x000000549a200000] [id=48556]
  0x000001beaac75030 GCTaskThread "GC Thread#0" [stack: 0x0000005499100000,0x0000005499200000] [id=54136]
  0x000001bed7d68080 ConcurrentGCThread "G1 Main Marker" [stack: 0x0000005499200000,0x0000005499300000] [id=50548]
  0x000001bed7d68aa0 ConcurrentGCThread "G1 Conc#0" [stack: 0x0000005499300000,0x0000005499400000] [id=52500]
  0x000001bed7e3a5d0 ConcurrentGCThread "G1 Refine#0" [stack: 0x0000005499400000,0x0000005499500000] [id=53460]
  0x000001bed7e3d010 ConcurrentGCThread "G1 Service" [stack: 0x0000005499500000,0x0000005499600000] [id=33840]

Threads with active compile tasks:

VM state: not at safepoint (normal execution)

VM Mutex/Monitor currently owned by a thread:  ([mutex/lock_event])
[0x000001beaabb7810] Metaspace_lock - owner thread: 0x000001beaabc8330

Heap address: 0x0000000600800000, size: 8184 MB, Compressed Oops mode: Zero based, Oop shift amount: 3

CDS archive(s) mapped at: [0x000001bedb000000-0x000001bedbbc0000-0x000001bedbbc0000), size 12320768, SharedBaseAddress: 0x000001bedb000000, ArchiveRelocationMode: 1.
Compressed class space mapped at: 0x000001bedc000000-0x000001bf1c000000, reserved size: 1073741824
Narrow klass base: 0x000001bedb000000, Narrow klass shift: 0, Narrow klass range: 0x100000000

GC Precious Log:
 CPUs: 8 total, 8 available
 Memory: 32730M
 Large Page Support: Disabled
 NUMA Support: Disabled
 Compressed Oops: Enabled (Zero based)
 Heap Region Size: 4M
 Heap Min Capacity: 8M
 Heap Initial Capacity: 512M
 Heap Max Capacity: 8184M
 Pre-touch: Disabled
 Parallel Workers: 8
 Concurrent Workers: 2
 Concurrent Refinement Workers: 8
 Periodic GC: Disabled

Heap:
 garbage-first heap   total 524288K, used 0K [0x0000000600800000, 0x0000000800000000)
  region size 4096K, 1 young (4096K), 0 survivors (0K)
 Metaspace       used 674K, committed 768K, reserved 1114112K
  class space    used 54K, committed 128K, reserved 1048576K

Heap Regions: E=young(eden), S=young(survivor), O=old, HS=humongous(starts), HC=humongous(continues), CS=collection set, F=free, OA=open archive, CA=closed archive, TAMS=top-at-mark-start (previous, next)
|   0|0x0000000600800000, 0x0000000600800000, 0x0000000600c00000|  0%| F|  |TAMS 0x0000000600800000, 0x0000000600800000| Untracked 
|   1|0x0000000600c00000, 0x0000000600c00000, 0x0000000601000000|  0%| F|  |TAMS 0x0000000600c00000, 0x0000000600c00000| Untracked 
|   2|0x0000000601000000, 0x0000000601000000, 0x0000000601400000|  0%| F|  |TAMS 0x0000000601000000, 0x0000000601000000| Untracked 
|   3|0x0000000601400000, 0x0000000601400000, 0x0000000601800000|  0%| F|  |TAMS 0x0000000601400000, 0x0000000601400000| Untracked 
|   4|0x0000000601800000, 0x0000000601800000, 0x0000000601c00000|  0%| F|  |TAMS 0x0000000601800000, 0x0000000601800000| Untracked 
|   5|0x0000000601c00000, 0x0000000601c00000, 0x0000000602000000|  0%| F|  |TAMS 0x0000000601c00000, 0x0000000601c00000| Untracked 
|   6|0x0000000602000000, 0x0000000602000000, 0x0000000602400000|  0%| F|  |TAMS 0x0000000602000000, 0x0000000602000000| Untracked 
|   7|0x0000000602400000, 0x0000000602400000, 0x0000000602800000|  0%| F|  |TAMS 0x0000000602400000, 0x0000000602400000| Untracked 
|   8|0x0000000602800000, 0x0000000602800000, 0x0000000602c00000|  0%| F|  |TAMS 0x0000000602800000, 0x0000000602800000| Untracked 
|   9|0x0000000602c00000, 0x0000000602c00000, 0x0000000603000000|  0%| F|  |TAMS 0x0000000602c00000, 0x0000000602c00000| Untracked 
|  10|0x0000000603000000, 0x0000000603000000, 0x0000000603400000|  0%| F|  |TAMS 0x0000000603000000, 0x0000000603000000| Untracked 
|  11|0x0000000603400000, 0x0000000603400000, 0x0000000603800000|  0%| F|  |TAMS 0x0000000603400000, 0x0000000603400000| Untracked 
|  12|0x0000000603800000, 0x0000000603800000, 0x0000000603c00000|  0%| F|  |TAMS 0x0000000603800000, 0x0000000603800000| Untracked 
|  13|0x0000000603c00000, 0x0000000603c00000, 0x0000000604000000|  0%| F|  |TAMS 0x0000000603c00000, 0x0000000603c00000| Untracked 
|  14|0x0000000604000000, 0x0000000604000000, 0x0000000604400000|  0%| F|  |TAMS 0x0000000604000000, 0x0000000604000000| Untracked 
|  15|0x0000000604400000, 0x0000000604400000, 0x0000000604800000|  0%| F|  |TAMS 0x0000000604400000, 0x0000000604400000| Untracked 
|  16|0x0000000604800000, 0x0000000604800000, 0x0000000604c00000|  0%| F|  |TAMS 0x0000000604800000, 0x0000000604800000| Untracked 
|  17|0x0000000604c00000, 0x0000000604c00000, 0x0000000605000000|  0%| F|  |TAMS 0x0000000604c00000, 0x0000000604c00000| Untracked 
|  18|0x0000000605000000, 0x0000000605000000, 0x0000000605400000|  0%| F|  |TAMS 0x0000000605000000, 0x0000000605000000| Untracked 
|  19|0x0000000605400000, 0x0000000605400000, 0x0000000605800000|  0%| F|  |TAMS 0x0000000605400000, 0x0000000605400000| Untracked 
|  20|0x0000000605800000, 0x0000000605800000, 0x0000000605c00000|  0%| F|  |TAMS 0x0000000605800000, 0x0000000605800000| Untracked 
|  21|0x0000000605c00000, 0x0000000605c00000, 0x0000000606000000|  0%| F|  |TAMS 0x0000000605c00000, 0x0000000605c00000| Untracked 
|  22|0x0000000606000000, 0x0000000606000000, 0x0000000606400000|  0%| F|  |TAMS 0x0000000606000000, 0x0000000606000000| Untracked 
|  23|0x0000000606400000, 0x0000000606400000, 0x0000000606800000|  0%| F|  |TAMS 0x0000000606400000, 0x0000000606400000| Untracked 
|  24|0x0000000606800000, 0x0000000606800000, 0x0000000606c00000|  0%| F|  |TAMS 0x0000000606800000, 0x0000000606800000| Untracked 
|  25|0x0000000606c00000, 0x0000000606c00000, 0x0000000607000000|  0%| F|  |TAMS 0x0000000606c00000, 0x0000000606c00000| Untracked 
|  26|0x0000000607000000, 0x0000000607000000, 0x0000000607400000|  0%| F|  |TAMS 0x0000000607000000, 0x0000000607000000| Untracked 
|  27|0x0000000607400000, 0x0000000607400000, 0x0000000607800000|  0%| F|  |TAMS 0x0000000607400000, 0x0000000607400000| Untracked 
|  28|0x0000000607800000, 0x0000000607800000, 0x0000000607c00000|  0%| F|  |TAMS 0x0000000607800000, 0x0000000607800000| Untracked 
|  29|0x0000000607c00000, 0x0000000607c00000, 0x0000000608000000|  0%| F|  |TAMS 0x0000000607c00000, 0x0000000607c00000| Untracked 
|  30|0x0000000608000000, 0x0000000608000000, 0x0000000608400000|  0%| F|  |TAMS 0x0000000608000000, 0x0000000608000000| Untracked 
|  31|0x0000000608400000, 0x0000000608400000, 0x0000000608800000|  0%| F|  |TAMS 0x0000000608400000, 0x0000000608400000| Untracked 
|  32|0x0000000608800000, 0x0000000608800000, 0x0000000608c00000|  0%| F|  |TAMS 0x0000000608800000, 0x0000000608800000| Untracked 
|  33|0x0000000608c00000, 0x0000000608c00000, 0x0000000609000000|  0%| F|  |TAMS 0x0000000608c00000, 0x0000000608c00000| Untracked 
|  34|0x0000000609000000, 0x0000000609000000, 0x0000000609400000|  0%| F|  |TAMS 0x0000000609000000, 0x0000000609000000| Untracked 
|  35|0x0000000609400000, 0x0000000609400000, 0x0000000609800000|  0%| F|  |TAMS 0x0000000609400000, 0x0000000609400000| Untracked 
|  36|0x0000000609800000, 0x0000000609800000, 0x0000000609c00000|  0%| F|  |TAMS 0x0000000609800000, 0x0000000609800000| Untracked 
|  37|0x0000000609c00000, 0x0000000609c00000, 0x000000060a000000|  0%| F|  |TAMS 0x0000000609c00000, 0x0000000609c00000| Untracked 
|  38|0x000000060a000000, 0x000000060a000000, 0x000000060a400000|  0%| F|  |TAMS 0x000000060a000000, 0x000000060a000000| Untracked 
|  39|0x000000060a400000, 0x000000060a400000, 0x000000060a800000|  0%| F|  |TAMS 0x000000060a400000, 0x000000060a400000| Untracked 
|  40|0x000000060a800000, 0x000000060a800000, 0x000000060ac00000|  0%| F|  |TAMS 0x000000060a800000, 0x000000060a800000| Untracked 
|  41|0x000000060ac00000, 0x000000060ac00000, 0x000000060b000000|  0%| F|  |TAMS 0x000000060ac00000, 0x000000060ac00000| Untracked 
|  42|0x000000060b000000, 0x000000060b000000, 0x000000060b400000|  0%| F|  |TAMS 0x000000060b000000, 0x000000060b000000| Untracked 
|  43|0x000000060b400000, 0x000000060b400000, 0x000000060b800000|  0%| F|  |TAMS 0x000000060b400000, 0x000000060b400000| Untracked 
|  44|0x000000060b800000, 0x000000060b800000, 0x000000060bc00000|  0%| F|  |TAMS 0x000000060b800000, 0x000000060b800000| Untracked 
|  45|0x000000060bc00000, 0x000000060bc00000, 0x000000060c000000|  0%| F|  |TAMS 0x000000060bc00000, 0x000000060bc00000| Untracked 
|  46|0x000000060c000000, 0x000000060c000000, 0x000000060c400000|  0%| F|  |TAMS 0x000000060c000000, 0x000000060c000000| Untracked 
|  47|0x000000060c400000, 0x000000060c400000, 0x000000060c800000|  0%| F|  |TAMS 0x000000060c400000, 0x000000060c400000| Untracked 
|  48|0x000000060c800000, 0x000000060c800000, 0x000000060cc00000|  0%| F|  |TAMS 0x000000060c800000, 0x000000060c800000| Untracked 
|  49|0x000000060cc00000, 0x000000060cc00000, 0x000000060d000000|  0%| F|  |TAMS 0x000000060cc00000, 0x000000060cc00000| Untracked 
|  50|0x000000060d000000, 0x000000060d000000, 0x000000060d400000|  0%| F|  |TAMS 0x000000060d000000, 0x000000060d000000| Untracked 
|  51|0x000000060d400000, 0x000000060d400000, 0x000000060d800000|  0%| F|  |TAMS 0x000000060d400000, 0x000000060d400000| Untracked 
|  52|0x000000060d800000, 0x000000060d800000, 0x000000060dc00000|  0%| F|  |TAMS 0x000000060d800000, 0x000000060d800000| Untracked 
|  53|0x000000060dc00000, 0x000000060dc00000, 0x000000060e000000|  0%| F|  |TAMS 0x000000060dc00000, 0x000000060dc00000| Untracked 
|  54|0x000000060e000000, 0x000000060e000000, 0x000000060e400000|  0%| F|  |TAMS 0x000000060e000000, 0x000000060e000000| Untracked 
|  55|0x000000060e400000, 0x000000060e400000, 0x000000060e800000|  0%| F|  |TAMS 0x000000060e400000, 0x000000060e400000| Untracked 
|  56|0x000000060e800000, 0x000000060e800000, 0x000000060ec00000|  0%| F|  |TAMS 0x000000060e800000, 0x000000060e800000| Untracked 
|  57|0x000000060ec00000, 0x000000060ec00000, 0x000000060f000000|  0%| F|  |TAMS 0x000000060ec00000, 0x000000060ec00000| Untracked 
|  58|0x000000060f000000, 0x000000060f000000, 0x000000060f400000|  0%| F|  |TAMS 0x000000060f000000, 0x000000060f000000| Untracked 
|  59|0x000000060f400000, 0x000000060f400000, 0x000000060f800000|  0%| F|  |TAMS 0x000000060f400000, 0x000000060f400000| Untracked 
|  60|0x000000060f800000, 0x000000060f800000, 0x000000060fc00000|  0%| F|  |TAMS 0x000000060f800000, 0x000000060f800000| Untracked 
|  61|0x000000060fc00000, 0x000000060fc00000, 0x0000000610000000|  0%| F|  |TAMS 0x000000060fc00000, 0x000000060fc00000| Untracked 
|  62|0x0000000610000000, 0x0000000610000000, 0x0000000610400000|  0%| F|  |TAMS 0x0000000610000000, 0x0000000610000000| Untracked 
|  63|0x0000000610400000, 0x0000000610400000, 0x0000000610800000|  0%| F|  |TAMS 0x0000000610400000, 0x0000000610400000| Untracked 
|  64|0x0000000610800000, 0x0000000610800000, 0x0000000610c00000|  0%| F|  |TAMS 0x0000000610800000, 0x0000000610800000| Untracked 
|  65|0x0000000610c00000, 0x0000000610c00000, 0x0000000611000000|  0%| F|  |TAMS 0x0000000610c00000, 0x0000000610c00000| Untracked 
|  66|0x0000000611000000, 0x0000000611000000, 0x0000000611400000|  0%| F|  |TAMS 0x0000000611000000, 0x0000000611000000| Untracked 
|  67|0x0000000611400000, 0x0000000611400000, 0x0000000611800000|  0%| F|  |TAMS 0x0000000611400000, 0x0000000611400000| Untracked 
|  68|0x0000000611800000, 0x0000000611800000, 0x0000000611c00000|  0%| F|  |TAMS 0x0000000611800000, 0x0000000611800000| Untracked 
|  69|0x0000000611c00000, 0x0000000611c00000, 0x0000000612000000|  0%| F|  |TAMS 0x0000000611c00000, 0x0000000611c00000| Untracked 
|  70|0x0000000612000000, 0x0000000612000000, 0x0000000612400000|  0%| F|  |TAMS 0x0000000612000000, 0x0000000612000000| Untracked 
|  71|0x0000000612400000, 0x0000000612400000, 0x0000000612800000|  0%| F|  |TAMS 0x0000000612400000, 0x0000000612400000| Untracked 
|  72|0x0000000612800000, 0x0000000612800000, 0x0000000612c00000|  0%| F|  |TAMS 0x0000000612800000, 0x0000000612800000| Untracked 
|  73|0x0000000612c00000, 0x0000000612c00000, 0x0000000613000000|  0%| F|  |TAMS 0x0000000612c00000, 0x0000000612c00000| Untracked 
|  74|0x0000000613000000, 0x0000000613000000, 0x0000000613400000|  0%| F|  |TAMS 0x0000000613000000, 0x0000000613000000| Untracked 
|  75|0x0000000613400000, 0x0000000613400000, 0x0000000613800000|  0%| F|  |TAMS 0x0000000613400000, 0x0000000613400000| Untracked 
|  76|0x0000000613800000, 0x0000000613800000, 0x0000000613c00000|  0%| F|  |TAMS 0x0000000613800000, 0x0000000613800000| Untracked 
|  77|0x0000000613c00000, 0x0000000613c00000, 0x0000000614000000|  0%| F|  |TAMS 0x0000000613c00000, 0x0000000613c00000| Untracked 
|  78|0x0000000614000000, 0x0000000614000000, 0x0000000614400000|  0%| F|  |TAMS 0x0000000614000000, 0x0000000614000000| Untracked 
|  79|0x0000000614400000, 0x0000000614400000, 0x0000000614800000|  0%| F|  |TAMS 0x0000000614400000, 0x0000000614400000| Untracked 
|  80|0x0000000614800000, 0x0000000614800000, 0x0000000614c00000|  0%| F|  |TAMS 0x0000000614800000, 0x0000000614800000| Untracked 
|  81|0x0000000614c00000, 0x0000000614c00000, 0x0000000615000000|  0%| F|  |TAMS 0x0000000614c00000, 0x0000000614c00000| Untracked 
|  82|0x0000000615000000, 0x0000000615000000, 0x0000000615400000|  0%| F|  |TAMS 0x0000000615000000, 0x0000000615000000| Untracked 
|  83|0x0000000615400000, 0x0000000615400000, 0x0000000615800000|  0%| F|  |TAMS 0x0000000615400000, 0x0000000615400000| Untracked 
|  84|0x0000000615800000, 0x0000000615800000, 0x0000000615c00000|  0%| F|  |TAMS 0x0000000615800000, 0x0000000615800000| Untracked 
|  85|0x0000000615c00000, 0x0000000615c00000, 0x0000000616000000|  0%| F|  |TAMS 0x0000000615c00000, 0x0000000615c00000| Untracked 
|  86|0x0000000616000000, 0x0000000616000000, 0x0000000616400000|  0%| F|  |TAMS 0x0000000616000000, 0x0000000616000000| Untracked 
|  87|0x0000000616400000, 0x0000000616400000, 0x0000000616800000|  0%| F|  |TAMS 0x0000000616400000, 0x0000000616400000| Untracked 
|  88|0x0000000616800000, 0x0000000616800000, 0x0000000616c00000|  0%| F|  |TAMS 0x0000000616800000, 0x0000000616800000| Untracked 
|  89|0x0000000616c00000, 0x0000000616c00000, 0x0000000617000000|  0%| F|  |TAMS 0x0000000616c00000, 0x0000000616c00000| Untracked 
|  90|0x0000000617000000, 0x0000000617000000, 0x0000000617400000|  0%| F|  |TAMS 0x0000000617000000, 0x0000000617000000| Untracked 
|  91|0x0000000617400000, 0x0000000617400000, 0x0000000617800000|  0%| F|  |TAMS 0x0000000617400000, 0x0000000617400000| Untracked 
|  92|0x0000000617800000, 0x0000000617800000, 0x0000000617c00000|  0%| F|  |TAMS 0x0000000617800000, 0x0000000617800000| Untracked 
|  93|0x0000000617c00000, 0x0000000617c00000, 0x0000000618000000|  0%| F|  |TAMS 0x0000000617c00000, 0x0000000617c00000| Untracked 
|  94|0x0000000618000000, 0x0000000618000000, 0x0000000618400000|  0%| F|  |TAMS 0x0000000618000000, 0x0000000618000000| Untracked 
|  95|0x0000000618400000, 0x0000000618400000, 0x0000000618800000|  0%| F|  |TAMS 0x0000000618400000, 0x0000000618400000| Untracked 
|  96|0x0000000618800000, 0x0000000618800000, 0x0000000618c00000|  0%| F|  |TAMS 0x0000000618800000, 0x0000000618800000| Untracked 
|  97|0x0000000618c00000, 0x0000000618c00000, 0x0000000619000000|  0%| F|  |TAMS 0x0000000618c00000, 0x0000000618c00000| Untracked 
|  98|0x0000000619000000, 0x0000000619000000, 0x0000000619400000|  0%| F|  |TAMS 0x0000000619000000, 0x0000000619000000| Untracked 
|  99|0x0000000619400000, 0x0000000619400000, 0x0000000619800000|  0%| F|  |TAMS 0x0000000619400000, 0x0000000619400000| Untracked 
| 100|0x0000000619800000, 0x0000000619800000, 0x0000000619c00000|  0%| F|  |TAMS 0x0000000619800000, 0x0000000619800000| Untracked 
| 101|0x0000000619c00000, 0x0000000619c00000, 0x000000061a000000|  0%| F|  |TAMS 0x0000000619c00000, 0x0000000619c00000| Untracked 
| 102|0x000000061a000000, 0x000000061a000000, 0x000000061a400000|  0%| F|  |TAMS 0x000000061a000000, 0x000000061a000000| Untracked 
| 103|0x000000061a400000, 0x000000061a400000, 0x000000061a800000|  0%| F|  |TAMS 0x000000061a400000, 0x000000061a400000| Untracked 
| 104|0x000000061a800000, 0x000000061a800000, 0x000000061ac00000|  0%| F|  |TAMS 0x000000061a800000, 0x000000061a800000| Untracked 
| 105|0x000000061ac00000, 0x000000061ac00000, 0x000000061b000000|  0%| F|  |TAMS 0x000000061ac00000, 0x000000061ac00000| Untracked 
| 106|0x000000061b000000, 0x000000061b000000, 0x000000061b400000|  0%| F|  |TAMS 0x000000061b000000, 0x000000061b000000| Untracked 
| 107|0x000000061b400000, 0x000000061b400000, 0x000000061b800000|  0%| F|  |TAMS 0x000000061b400000, 0x000000061b400000| Untracked 
| 108|0x000000061b800000, 0x000000061b800000, 0x000000061bc00000|  0%| F|  |TAMS 0x000000061b800000, 0x000000061b800000| Untracked 
| 109|0x000000061bc00000, 0x000000061bc00000, 0x000000061c000000|  0%| F|  |TAMS 0x000000061bc00000, 0x000000061bc00000| Untracked 
| 110|0x000000061c000000, 0x000000061c000000, 0x000000061c400000|  0%| F|  |TAMS 0x000000061c000000, 0x000000061c000000| Untracked 
| 111|0x000000061c400000, 0x000000061c400000, 0x000000061c800000|  0%| F|  |TAMS 0x000000061c400000, 0x000000061c400000| Untracked 
| 112|0x000000061c800000, 0x000000061c800000, 0x000000061cc00000|  0%| F|  |TAMS 0x000000061c800000, 0x000000061c800000| Untracked 
| 113|0x000000061cc00000, 0x000000061cc00000, 0x000000061d000000|  0%| F|  |TAMS 0x000000061cc00000, 0x000000061cc00000| Untracked 
| 114|0x000000061d000000, 0x000000061d000000, 0x000000061d400000|  0%| F|  |TAMS 0x000000061d000000, 0x000000061d000000| Untracked 
| 115|0x000000061d400000, 0x000000061d400000, 0x000000061d800000|  0%| F|  |TAMS 0x000000061d400000, 0x000000061d400000| Untracked 
| 116|0x000000061d800000, 0x000000061d800000, 0x000000061dc00000|  0%| F|  |TAMS 0x000000061d800000, 0x000000061d800000| Untracked 
| 117|0x000000061dc00000, 0x000000061dc00000, 0x000000061e000000|  0%| F|  |TAMS 0x000000061dc00000, 0x000000061dc00000| Untracked 
| 118|0x000000061e000000, 0x000000061e000000, 0x000000061e400000|  0%| F|  |TAMS 0x000000061e000000, 0x000000061e000000| Untracked 
| 119|0x000000061e400000, 0x000000061e400000, 0x000000061e800000|  0%| F|  |TAMS 0x000000061e400000, 0x000000061e400000| Untracked 
| 120|0x000000061e800000, 0x000000061e800000, 0x000000061ec00000|  0%| F|  |TAMS 0x000000061e800000, 0x000000061e800000| Untracked 
| 121|0x000000061ec00000, 0x000000061ec00000, 0x000000061f000000|  0%| F|  |TAMS 0x000000061ec00000, 0x000000061ec00000| Untracked 
| 122|0x000000061f000000, 0x000000061f000000, 0x000000061f400000|  0%| F|  |TAMS 0x000000061f000000, 0x000000061f000000| Untracked 
| 123|0x000000061f400000, 0x000000061f400000, 0x000000061f800000|  0%| F|  |TAMS 0x000000061f400000, 0x000000061f400000| Untracked 
| 124|0x000000061f800000, 0x000000061f800000, 0x000000061fc00000|  0%| F|  |TAMS 0x000000061f800000, 0x000000061f800000| Untracked 
| 125|0x000000061fc00000, 0x000000061fc00000, 0x0000000620000000|  0%| F|  |TAMS 0x000000061fc00000, 0x000000061fc00000| Untracked 
| 126|0x0000000620000000, 0x0000000620000000, 0x0000000620400000|  0%| F|  |TAMS 0x0000000620000000, 0x0000000620000000| Untracked 
| 127|0x0000000620400000, 0x000000062075e6e0, 0x0000000620800000| 84%| E|  |TAMS 0x0000000620400000, 0x0000000620400000| Complete 

Card table byte_map: [0x000001bec5d10000,0x000001bec6d10000] _byte_map_base: 0x000001bec2d0c000

Marking Bits (Prev, Next): (CMBitMap*) 0x000001beaac75650, (CMBitMap*) 0x000001beaac75690
 Prev Bits: [0x000001bec7d10000, 0x000001becfcf0000)
 Next Bits: [0x000001becfcf0000, 0x000001bed7cd0000)

Polling page: 0x000001beaaa60000

Metaspace:

Usage:
  Non-class:    619.89 KB used.
      Class:     54.44 KB used.
       Both:    674.33 KB used.

Virtual space:
  Non-class space:       64.00 MB reserved,     640.00 KB ( <1%) committed,  1 nodes.
      Class space:        1.00 GB reserved,     128.00 KB ( <1%) committed,  1 nodes.
             Both:        1.06 GB reserved,     768.00 KB ( <1%) committed. 

Chunk freelists:
   Non-Class:  11.82 MB
       Class:  15.72 MB
        Both:  27.54 MB

MaxMetaspaceSize: unlimited
CompressedClassSpaceSize: 1.00 GB
Initial GC threshold: 21.00 MB
Current GC threshold: 21.00 MB
CDS: on
MetaspaceReclaimPolicy: balanced
 - commit_granule_bytes: 65536.
 - commit_granule_words: 8192.
 - virtual_space_node_default_size: 8388608.
 - enlarge_chunks_in_place: 1.
 - new_chunks_are_fully_committed: 0.
 - uncommit_free_chunks: 1.
 - use_allocation_guard: 0.
 - handle_deallocations: 1.


Internal statistics:

num_allocs_failed_limit: 0.
num_arena_births: 8.
num_arena_deaths: 0.
num_vsnodes_births: 2.
num_vsnodes_deaths: 0.
num_space_committed: 12.
num_space_uncommitted: 0.
num_chunks_returned_to_freelist: 0.
num_chunks_taken_from_freelist: 21.
num_chunk_merges: 0.
num_chunk_splits: 12.
num_chunks_enlarged: 7.
num_inconsistent_stats: 0.

CodeHeap 'non-profiled nmethods': size=120000Kb used=65Kb max_used=65Kb free=119934Kb
 bounds [0x000001bebcd70000, 0x000001bebcfe0000, 0x000001bec42a0000]
CodeHeap 'profiled nmethods': size=120000Kb used=275Kb max_used=275Kb free=119724Kb
 bounds [0x000001beb52a0000, 0x000001beb5510000, 0x000001bebc7d0000]
CodeHeap 'non-nmethods': size=5760Kb used=1101Kb max_used=1121Kb free=4658Kb
 bounds [0x000001bebc7d0000, 0x000001bebca40000, 0x000001bebcd70000]
 total_blobs=588 nmethods=212 adapters=289
 compilation: enabled
              stopped_count=0, restarted_count=0
 full_count=0

Compilation events (20 events):
Event: 0.173 Thread 0x000001bed7f274a0 nmethod 195 0x000001bebcd7d290 code [0x000001bebcd7d420, 0x000001bebcd7d4f8]
Event: 0.175 Thread 0x000001bed7f274a0  198       3       java.lang.String::checkBoundsOffCount (64 bytes)
Event: 0.176 Thread 0x000001bed7f269f0  199 %     4       java.util.Properties$LineReader::readLine @ 224 (584 bytes)
Event: 0.176 Thread 0x000001bed7f274a0 nmethod 198 0x000001beb52e1690 code [0x000001beb52e1920, 0x000001beb52e2278]
Event: 0.177 Thread 0x000001bed7f274a0  201       3       java.lang.invoke.MemberName::testFlags (16 bytes)
Event: 0.177 Thread 0x000001bed7f274a0 nmethod 201 0x000001beb52e2610 code [0x000001beb52e27a0, 0x000001beb52e2918]
Event: 0.177 Thread 0x000001bed7f274a0  202       3       java.lang.String::<init> (74 bytes)
Event: 0.178 Thread 0x000001bed7f274a0 nmethod 202 0x000001beb52e2990 code [0x000001beb52e2b60, 0x000001beb52e2f98]
Event: 0.179 Thread 0x000001bed7f274a0  205       3       java.util.HashMap::get (19 bytes)
Event: 0.180 Thread 0x000001bed7f274a0 nmethod 205 0x000001beb52e3090 code [0x000001beb52e3240, 0x000001beb52e3408]
Event: 0.180 Thread 0x000001bed7f274a0  206       3       java.lang.Class::getName (18 bytes)
Event: 0.180 Thread 0x000001bed7f274a0 nmethod 206 0x000001beb52e3510 code [0x000001beb52e36c0, 0x000001beb52e3848]
Event: 0.180 Thread 0x000001bed7f274a0  208       3       java.lang.invoke.MethodTypeForm::canonicalize (74 bytes)
Event: 0.180 Thread 0x000001bed7f274a0 nmethod 208 0x000001beb52e3910 code [0x000001beb52e3b40, 0x000001beb52e4238]
Event: 0.180 Thread 0x000001bed7f274a0  210       3       java.lang.invoke.MemberName::isInvocable (8 bytes)
Event: 0.180 Thread 0x000001bed7f274a0 nmethod 210 0x000001beb52e4490 code [0x000001beb52e4640, 0x000001beb52e48d8]
Event: 0.180 Thread 0x000001bed7f274a0  209       3       java.lang.ref.Reference::reachabilityFence (1 bytes)
Event: 0.180 Thread 0x000001bed7f274a0 nmethod 209 0x000001beb52e4a10 code [0x000001beb52e4ba0, 0x000001beb52e4c98]
Event: 0.180 Thread 0x000001bed7f274a0  211       1       java.lang.invoke.MemberName::getDeclaringClass (5 bytes)
Event: 0.181 Thread 0x000001bed7f274a0 nmethod 211 0x000001bebcd7e910 code [0x000001bebcd7eaa0, 0x000001bebcd7eb78]

GC Heap History (0 events):
No events

Dll operation events (7 events):
Event: 0.007 Loaded shared library C:\Users\psoko\.jdks\liberica-full-17.0.11\bin\java.dll
Event: 0.035 Loaded shared library C:\Users\psoko\.jdks\liberica-full-17.0.11\bin\jsvml.dll
Event: 0.096 Loaded shared library C:\Users\psoko\.jdks\liberica-full-17.0.11\bin\net.dll
Event: 0.098 Loaded shared library C:\Users\psoko\.jdks\liberica-full-17.0.11\bin\nio.dll
Event: 0.102 Loaded shared library C:\Users\psoko\.jdks\liberica-full-17.0.11\bin\zip.dll
Event: 0.174 Loaded shared library C:\Users\psoko\.jdks\liberica-full-17.0.11\bin\management.dll
Event: 0.178 Loaded shared library C:\Users\psoko\.jdks\liberica-full-17.0.11\bin\management_ext.dll

Deoptimization events (6 events):
Event: 0.100 Thread 0x000001beaabc8330 Uncommon trap: trap_request=0xffffff45 fr.pc=0x000001bebcd7464c relative=0x00000000000001ac
Event: 0.100 Thread 0x000001beaabc8330 Uncommon trap: reason=unstable_if action=reinterpret pc=0x000001bebcd7464c method=java.lang.String.hashCode()I @ 42 c2
Event: 0.100 Thread 0x000001beaabc8330 DEOPT PACKING pc=0x000001bebcd7464c sp=0x00000054990fdee0
Event: 0.100 Thread 0x000001beaabc8330 DEOPT UNPACKING pc=0x000001bebc8269a3 sp=0x00000054990fde78 mode 2
Event: 0.153 Thread 0x000001beaabc8330 DEOPT PACKING pc=0x000001beb52b99e7 sp=0x00000054990fde60
Event: 0.153 Thread 0x000001beaabc8330 DEOPT UNPACKING pc=0x000001bebc827143 sp=0x00000054990fd280 mode 0

Classes unloaded (0 events):
No events

Classes redefined (0 events):
No events

Internal exceptions (1 events):
Event: 0.168 Thread 0x000001beaabc8330 Exception <a 'java/lang/NoSuchMethodError'{0x000000062070d2d0}: 'java.lang.Object java.lang.invoke.DirectMethodHandle$Holder.invokeStaticInit(java.lang.Object)'> (0x000000062070d2d0) 
thrown [s\src\hotspot\share\interpreter\linkResolver.cpp, line 759]

VM Operations (2 events):
Event: 0.102 Executing VM operation: HandshakeAllThreads
Event: 0.102 Executing VM operation: HandshakeAllThreads done

Events (20 events):
Event: 0.182 loading class com/sun/management/internal/DiagnosticCommandImpl done
Event: 0.183 loading class sun/management/ManagementFactoryHelper
Event: 0.183 loading class sun/management/ManagementFactoryHelper done
Event: 0.183 loading class sun/management/VMManagementImpl
Event: 0.183 loading class sun/management/VMManagement
Event: 0.183 loading class sun/management/VMManagement done
Event: 0.183 loading class sun/management/VMManagementImpl done
Event: 0.183 loading class com/sun/management/internal/PlatformMBeanProviderImpl$5
Event: 0.183 loading class com/sun/management/internal/PlatformMBeanProviderImpl$5 done
Event: 0.184 loading class java/lang/management/DefaultPlatformMBeanProvider
Event: 0.184 loading class java/lang/management/DefaultPlatformMBeanProvider done
Event: 0.184 loading class java/lang/management/DefaultPlatformMBeanProvider$1
Event: 0.184 loading class java/lang/management/DefaultPlatformMBeanProvider$1 done
Event: 0.184 loading class java/lang/management/DefaultPlatformMBeanProvider$2
Event: 0.184 loading class java/lang/management/DefaultPlatformMBeanProvider$2 done
Event: 0.184 loading class java/lang/management/DefaultPlatformMBeanProvider$3
Event: 0.184 loading class java/lang/management/DefaultPlatformMBeanProvider$3 done
Event: 0.184 loading class java/lang/management/DefaultPlatformMBeanProvider$4
Event: 0.184 loading class java/lang/management/DefaultPlatformMBeanProvider$4 done
Event: 0.184 loading class java/lang/management/DefaultPlatformMBeanProvider$5


Dynamic libraries:
0x00007ff7c27c0000 - 0x00007ff7c27ce000 	C:\Users\psoko\.jdks\liberica-full-17.0.11\bin\java.exe
0x00007ffc8b9d0000 - 0x00007ffc8bbc8000 	C:\WINDOWS\SYSTEM32\ntdll.dll
0x00007ffc89b50000 - 0x00007ffc89c12000 	C:\WINDOWS\System32\KERNEL32.DLL
0x00007ffc89380000 - 0x00007ffc8967e000 	C:\WINDOWS\System32\KERNELBASE.dll
0x00007ffc897e0000 - 0x00007ffc898e0000 	C:\WINDOWS\System32\ucrtbase.dll
0x00007ffc57680000 - 0x00007ffc57697000 	C:\Users\psoko\.jdks\liberica-full-17.0.11\bin\jli.dll
0x00007ffc57eb0000 - 0x00007ffc57ecb000 	C:\Users\psoko\.jdks\liberica-full-17.0.11\bin\VCRUNTIME140.dll
0x00007ffc8af70000 - 0x00007ffc8b10d000 	C:\WINDOWS\System32\USER32.dll
0x00007ffc89980000 - 0x00007ffc899a2000 	C:\WINDOWS\System32\win32u.dll
0x00007ffc6abb0000 - 0x00007ffc6ae4a000 	C:\WINDOWS\WinSxS\amd64_microsoft.windows.common-controls_6595b64144ccf1df_6.0.19041.4355_none_60b8b9eb71f62e16\COMCTL32.dll
0x00007ffc89c20000 - 0x00007ffc89c4b000 	C:\WINDOWS\System32\GDI32.dll
0x00007ffc89130000 - 0x00007ffc89247000 	C:\WINDOWS\System32\gdi32full.dll
0x00007ffc8a060000 - 0x00007ffc8a0fe000 	C:\WINDOWS\System32\msvcrt.dll
0x00007ffc898e0000 - 0x00007ffc8997d000 	C:\WINDOWS\System32\msvcp_win.dll
0x00007ffc8a100000 - 0x00007ffc8a12f000 	C:\WINDOWS\System32\IMM32.DLL
0x00007ffc74f10000 - 0x00007ffc74f1c000 	C:\Users\psoko\.jdks\liberica-full-17.0.11\bin\vcruntime140_1.dll
0x00007ffc4da60000 - 0x00007ffc4daee000 	C:\Users\psoko\.jdks\liberica-full-17.0.11\bin\msvcp140.dll
0x00007ffb89cf0000 - 0x00007ffb8a955000 	C:\Users\psoko\.jdks\liberica-full-17.0.11\bin\server\jvm.dll
0x00007ffc8a210000 - 0x00007ffc8a2c0000 	C:\WINDOWS\System32\ADVAPI32.dll
0x00007ffc89dc0000 - 0x00007ffc89e60000 	C:\WINDOWS\System32\sechost.dll
0x00007ffc8a620000 - 0x00007ffc8a743000 	C:\WINDOWS\System32\RPCRT4.dll
0x00007ffc89350000 - 0x00007ffc89377000 	C:\WINDOWS\System32\bcrypt.dll
0x00007ffc88b00000 - 0x00007ffc88b4b000 	C:\WINDOWS\SYSTEM32\POWRPROF.dll
0x00007ffc76730000 - 0x00007ffc76739000 	C:\WINDOWS\SYSTEM32\WSOCK32.dll
0x00007ffc89e60000 - 0x00007ffc89ecb000 	C:\WINDOWS\System32\WS2_32.dll
0x00007ffc7a7d0000 - 0x00007ffc7a7f7000 	C:\WINDOWS\SYSTEM32\WINMM.dll
0x00007ffc83320000 - 0x00007ffc8332a000 	C:\WINDOWS\SYSTEM32\VERSION.dll
0x00007ffc88ae0000 - 0x00007ffc88af2000 	C:\WINDOWS\SYSTEM32\UMPDC.dll
0x00007ffc86cd0000 - 0x00007ffc86ce2000 	C:\WINDOWS\SYSTEM32\kernel.appcore.dll
0x00007ffc74a10000 - 0x00007ffc74a1a000 	C:\Users\psoko\.jdks\liberica-full-17.0.11\bin\jimage.dll
0x00007ffc7d8f0000 - 0x00007ffc7dad4000 	C:\WINDOWS\SYSTEM32\DBGHELP.DLL
0x00007ffc7d8b0000 - 0x00007ffc7d8e4000 	C:\WINDOWS\SYSTEM32\dbgcore.DLL
0x00007ffc89250000 - 0x00007ffc892d2000 	C:\WINDOWS\System32\bcryptPrimitives.dll
0x00007ffc54650000 - 0x00007ffc54675000 	C:\Users\psoko\.jdks\liberica-full-17.0.11\bin\java.dll
0x00007ffc4b570000 - 0x00007ffc4b647000 	C:\Users\psoko\.jdks\liberica-full-17.0.11\bin\jsvml.dll
0x00007ffc8b1c0000 - 0x00007ffc8b92f000 	C:\WINDOWS\System32\SHELL32.dll
0x00007ffc86ed0000 - 0x00007ffc87674000 	C:\WINDOWS\SYSTEM32\windows.storage.dll
0x00007ffc8a2c0000 - 0x00007ffc8a613000 	C:\WINDOWS\System32\combase.dll
0x00007ffc88900000 - 0x00007ffc8892e000 	C:\WINDOWS\SYSTEM32\Wldp.dll
0x00007ffc89a00000 - 0x00007ffc89acd000 	C:\WINDOWS\System32\OLEAUT32.dll
0x00007ffc8ad10000 - 0x00007ffc8adbd000 	C:\WINDOWS\System32\SHCORE.dll
0x00007ffc89ed0000 - 0x00007ffc89f25000 	C:\WINDOWS\System32\shlwapi.dll
0x00007ffc88fb0000 - 0x00007ffc88fd4000 	C:\WINDOWS\SYSTEM32\profapi.dll
0x00007ffc57660000 - 0x00007ffc57679000 	C:\Users\psoko\.jdks\liberica-full-17.0.11\bin\net.dll
0x00007ffc81150000 - 0x00007ffc8125d000 	C:\WINDOWS\SYSTEM32\WINHTTP.dll
0x00007ffc886e0000 - 0x00007ffc8874a000 	C:\WINDOWS\system32\mswsock.dll
0x00007ffc54140000 - 0x00007ffc54156000 	C:\Users\psoko\.jdks\liberica-full-17.0.11\bin\nio.dll
0x00007ffc53a30000 - 0x00007ffc53a48000 	C:\Users\psoko\.jdks\liberica-full-17.0.11\bin\zip.dll
0x00007ffc7c910000 - 0x00007ffc7c91a000 	C:\Users\psoko\.jdks\liberica-full-17.0.11\bin\management.dll
0x00007ffba01a0000 - 0x00007ffba01ab000 	C:\Users\psoko\.jdks\liberica-full-17.0.11\bin\management_ext.dll
0x00007ffc8ad00000 - 0x00007ffc8ad08000 	C:\WINDOWS\System32\PSAPI.DLL

dbghelp: loaded successfully - version: 4.0.5 - missing functions: none
symbol engine: initialized successfully - sym options: 0x614 - pdb path: .;C:\Users\psoko\.jdks\liberica-full-17.0.11\bin;C:\WINDOWS\SYSTEM32;C:\WINDOWS\WinSxS\amd64_microsoft.windows.common-controls_6595b64144ccf1df_6.0.19041.4355_none_60b8b9eb71f62e16;C:\Users\psoko\.jdks\liberica-full-17.0.11\bin\server

VM Arguments:
java_command: C:\Users\psoko\AppData\Local\Temp\surefire757314569287313730\surefirebooter-20240926133750671_3.jar C:\Users\psoko\AppData\Local\Temp\surefire757314569287313730 2024-09-26T13-37-50_478-jvmRun1 surefire-20240926133750671_1tmp surefire_0-20240926133750671_2tmp
java_class_path (initial): C:\Users\psoko\AppData\Local\Temp\surefire757314569287313730\surefirebooter-20240926133750671_3.jar
Launcher Type: SUN_STANDARD

[Global flags]
     intx CICompilerCount                          = 4                                         {product} {ergonomic}
     uint ConcGCThreads                            = 2                                         {product} {ergonomic}
     uint G1ConcRefinementThreads                  = 8                                         {product} {ergonomic}
   size_t G1HeapRegionSize                         = 4194304                                   {product} {ergonomic}
    uintx GCDrainStackTargetSize                   = 64                                        {product} {ergonomic}
   size_t InitialHeapSize                          = 536870912                                 {product} {ergonomic}
   size_t MarkStackSize                            = 4194304                                   {product} {ergonomic}
   size_t MaxHeapSize                              = 8581545984                                {product} {ergonomic}
   size_t MaxNewSize                               = 5146411008                                {product} {ergonomic}
   size_t MinHeapDeltaBytes                        = 4194304                                   {product} {ergonomic}
   size_t MinHeapSize                              = 8388608                                   {product} {ergonomic}
    uintx NonNMethodCodeHeapSize                   = 5839372                                {pd product} {ergonomic}
    uintx NonProfiledCodeHeapSize                  = 122909434                              {pd product} {ergonomic}
    uintx ProfiledCodeHeapSize                     = 122909434                              {pd product} {ergonomic}
    uintx ReservedCodeCacheSize                    = 251658240                              {pd product} {ergonomic}
     bool SegmentedCodeCache                       = true                                      {product} {ergonomic}
   size_t SoftMaxHeapSize                          = 8581545984                             {manageable} {ergonomic}
     bool UseCompressedClassPointers               = true                           {product lp64_product} {ergonomic}
     bool UseCompressedOops                        = true                           {product lp64_product} {ergonomic}
     bool UseG1GC                                  = true                                      {product} {ergonomic}
     bool UseLargePagesIndividualAllocation        = false                                  {pd product} {ergonomic}

Logging:
Log output configuration:
 #0: stdout all=warning uptime,level,tags
 #1: stderr all=off uptime,level,tags

Environment Variables:
JAVA_HOME=C:\Program Files\Java\jdk1.8.0_251
PATH=G:\Program Files (x86)\VMware\VMware Workstation\bin\;C:\Python312\Scripts\;C:\Python312\;C:\Program Files\Common Files\Oracle\Java\javapath;C:\Program Files (x86)\Common Files\Oracle\Java\java8path;C:\Program Files (x86)\Common Files\Oracle\Java\javapath;C:\Program Files\Microsoft MPI\Bin\;c:\program files\php\v7.3;c:\program files\php\v7.0;c:\windows\system32\inetsrv;c:\windows\system32;c:\windows;c:\windows\system32\wbem;c:\windows\system32\windowspowershell\v1.0\;c:\windows\system32\openssh\;c:\program files\microsoft sql server\client sdk\odbc\130\tools\binn\;c:\program files (x86)\microsoft sql server\140\tools\binn\;c:\program files\microsoft sql server\140\tools\binn\;c:\program files\microsoft sql server\140\dts\binn\;c:\program files;c:\programdata\chocolatey\bin;c:\program files\microsoft sql server\client sdk\odbc\170\tools\binn\;c:\windows\system32;c:\windows;c:\windows\system32\wbem;c:\windows\system32\windowspowershell\v1.0\;c:\windows\system32\openssh\;f:\spring-roo-2.0.0.release\bin;c:\program files (x86)\intel\intel(r) management engine components\dal;c:\program files\intel\intel(r) management engine components\dal;c:\program files (x86)\intel\intel(r) management engine components\ipt;c:\program files\intel\intel(r) management engine components\ipt;c:\program files\dotnet\;c:\program files (x86)\common files\divx shared\desktopservice;c:\program files\git\cmd;C:\Program Files\Java\jdk1.8.0_251\bin2;C:\Program Files (x86)\dotnet\;C:\Program Files (x86)\NVIDIA Corporation\PhysX\Common;C:\Program Files (x86)\Subversion\bin;C:\tools\lxrunoffline;F:\graalvm-jdk-21+35.1\bin;G:\Program Files (x86)\Microsoft Visual Studio\2022\BuildTools\VC\Auxiliary\Build;C:\Program Files\Pandoc\;C:\Program Files\PuTTY\;C:\Program Files\TortoiseSVN\bin;C:\Program Files\Git\cmd;C:\Program Files\nodejs\;C:\Program Files (x86)\Common Files\DivX11 Shared\DesktopService;C:\Program Files\TortoiseGit\bin;C:\Program Files\NVIDIA Corporation\NVIDIA NvDLISR;C:\Program Files\Power
USERNAME=psokolov local
OS=Windows_NT
PROCESSOR_IDENTIFIER=Intel64 Family 6 Model 158 Stepping 9, GenuineIntel
TMP=C:\Users\psoko\AppData\Local\Temp
TEMP=C:\Users\psoko\AppData\Local\Temp



Periodic native trim disabled


---------------  S Y S T E M  ---------------

OS:
 Windows 10 , 64 bit Build 19041 (10.0.19041.4957)
OS uptime: 1 days 5:12 hours
Hyper-V role detected

CPU: total 8 (initial active 8) (4 cores per cpu, 2 threads per core) family 6 model 158 stepping 9 microcode 0xb4, cx8, cmov, fxsr, ht, mmx, 3dnowpref, sse, sse2, sse3, ssse3, sse4.1, sse4.2, popcnt, lzcnt, tsc, tscinvbit, avx, avx2, aes, erms, clmul, bmi1, bmi2, rtm, adx, fma, vzeroupper, clflush, clflushopt, hv
Processor Information for all 8 processors :
  Max Mhz: 4200, Current Mhz: 4200, Mhz Limit: 4200

Memory: 4k page, system-wide physical 32730M (6929M free)
TotalPageFile size 32730M (AvailPageFile size 40M)
current process WorkingSet (physical memory assigned to process): 40M, peak: 40M
current process commit charge ("private bytes"): 611M, peak: 611M

vm_info: OpenJDK 64-Bit Server VM (17.0.11+12-LTS) for windows-amd64 JRE (17.0.11+12-LTS), built on May 14 2024 15:24:58 by "" with MS VC++ 17.1 (VS2022)

END.
