#
# There is insufficient memory for the Java Runtime Environment to continue.
# Native memory allocation (malloc) failed to allocate 1048576 bytes. Error detail: AllocateHeap
# Possible reasons:
#   The system is out of physical RAM or swap space
#   This process is running with CompressedOops enabled, and the Java Heap may be blocking the growth of the native heap
# Possible solutions:
#   Reduce memory load on the system
#   Increase physical memory or swap space
#   Check if swap backing store is full
#   Decrease Java heap size (-Xmx/-Xms)
#   Decrease number of Java threads
#   Decrease Java thread stack sizes (-Xss)
#   Set larger code cache with -XX:ReservedCodeCacheSize=
#   JVM is running with Zero Based Compressed Oops mode in which the Java heap is
#     placed in the first 32GB address space. The Java Heap base address is the
#     maximum limit for the native heap growth. Please use -XX:HeapBaseMinAddress
#     to set the Java Heap base and to place the Java Heap above 32GB virtual address.
# This output file may be truncated or incomplete.
#
#  Out of Memory Error (allocation.cpp:44), pid=9376, tid=25168
#
# JRE version:  (17.0.11+12) (build )
# Java VM: OpenJDK 64-Bit Server VM (17.0.11+12-LTS, mixed mode, sharing, tiered, compressed oops, compressed class ptrs, g1 gc, windows-amd64)
# No core dump will be written. Minidumps are not enabled by default on client versions of Windows
#

---------------  S U M M A R Y ------------

Command Line: -Dmaven.multiModuleProjectDirectory=G:\entryPoint -Djansi.passthrough=true -Dmaven.home=C:\Users\psoko\.m2\wrapper\dists\apache-maven-3.9.6-bin\439sdfsg2nbdob9ciift5h5nse\apache-maven-3.9.6 -Dclassworlds.conf=C:\Users\psoko\.m2\wrapper\dists\apache-maven-3.9.6-bin\439sdfsg2nbdob9ciift5h5nse\apache-maven-3.9.6\bin\m2.conf -Dmaven.ext.class.path=G:\JetBrain\IntelliJ IDEA Ultimate\plugins\maven\lib\maven-event-listener.jar -javaagent:G:\JetBrain\IntelliJ IDEA Ultimate\lib\idea_rt.jar=51195:G:\JetBrain\IntelliJ IDEA Ultimate\bin -Dfile.encoding=UTF-8 org.codehaus.classworlds.Launcher -Didea.version=2024.1.4 clean

Host: Intel(R) Core(TM) i7-7700K CPU @ 4.20GHz, 8 cores, 31G,  Windows 10 , 64 bit Build 19041 (10.0.19041.4957)
Time: Mon Oct 14 12:53:19 2024 RTZ 2 (s 10 , 64 bit Build 19041 (10.0.19041.4957) elapsed time: 0.021801 seconds (0d 0h 0m 0s)

---------------  T H R E A D  ---------------

Current thread (0x0000023eedeb7400):  JavaThread "Unknown thread" [_thread_in_vm, id=25168, stack(0x000000cc60b00000,0x000000cc60c00000)]

Stack: [0x000000cc60b00000,0x000000cc60c00000]
Native frames: (J=compiled Java code, j=interpreted, Vv=VM code, C=native code)
V  [jvm.dll+0x67c789]
V  [jvm.dll+0x832ce8]
V  [jvm.dll+0x8347ae]
V  [jvm.dll+0x834e13]
V  [jvm.dll+0x24827f]
V  [jvm.dll+0xa6b33]
V  [jvm.dll+0x2e6c0e]
V  [jvm.dll+0x2de74b]
V  [jvm.dll+0x8047d1]
V  [jvm.dll+0x36b4b1]
V  [jvm.dll+0x7e3252]
V  [jvm.dll+0x3ef39f]
V  [jvm.dll+0x3f0ef1]
C  [jli.dll+0x5287]
C  [ucrtbase.dll+0x21bb2]
C  [KERNEL32.DLL+0x17374]
C  [ntdll.dll+0x4cc91]


---------------  P R O C E S S  ---------------

Threads class SMR info:
_java_thread_list=0x00007ffac9522538, length=0, elements={
}

Java Threads: ( => current thread )

Other Threads:
  0x0000023efa8b0820 GCTaskThread "GC Thread#0" [stack: 0x000000cc60c00000,0x000000cc60d00000] [id=34652]

[error occurred during error reporting (printing all threads), id 0xc0000005, EXCEPTION_ACCESS_VIOLATION (0xc0000005) at pc=0x00007ffac8cdbb80]

VM state: not at safepoint (not fully initialized)

VM Mutex/Monitor currently owned by a thread:  ([mutex/lock_event])
[0x0000023eedeb2b60] Heap_lock - owner thread: 0x0000023eedeb7400

Heap address: 0x0000000600800000, size: 8184 MB, Compressed Oops mode: Zero based, Oop shift amount: 3

CDS archive(s) mapped at: [0x0000000000000000-0x0000000000000000-0x0000000000000000), size 0, SharedBaseAddress: 0x0000000800000000, ArchiveRelocationMode: 1.
Narrow klass base: 0x0000000000000000, Narrow klass shift: 0, Narrow klass range: 0x0

GC Precious Log:
<Empty>

Heap:
 garbage-first heap   total 0K, used 0K [0x0000000600800000, 0x0000000800000000)
  region size 4096K, 0 young (0K), 0 survivors (0K)

[error occurred during error reporting (printing heap information), id 0xc0000005, EXCEPTION_ACCESS_VIOLATION (0xc0000005) at pc=0x00007ffac90c5f89]

GC Heap History (0 events):
No events

Dll operation events (1 events):
Event: 0.014 Loaded shared library C:\Users\psoko\.jdks\liberica-full-17.0.11\bin\java.dll

Deoptimization events (0 events):
No events

Classes unloaded (0 events):
No events

Classes redefined (0 events):
No events

Internal exceptions (0 events):
No events

VM Operations (0 events):
No events

Events (0 events):
No events


Dynamic libraries:
0x00007ff7501d0000 - 0x00007ff7501de000 	C:\Users\psoko\.jdks\liberica-full-17.0.11\bin\java.exe
0x00007ffbc5710000 - 0x00007ffbc5908000 	C:\WINDOWS\SYSTEM32\ntdll.dll
0x00007ffbc4360000 - 0x00007ffbc4422000 	C:\WINDOWS\System32\KERNEL32.DLL
0x00007ffbc3020000 - 0x00007ffbc331e000 	C:\WINDOWS\System32\KERNELBASE.dll
0x00007ffbc3630000 - 0x00007ffbc3730000 	C:\WINDOWS\System32\ucrtbase.dll
0x00007ffb86990000 - 0x00007ffb869a7000 	C:\Users\psoko\.jdks\liberica-full-17.0.11\bin\jli.dll
0x00007ffbc5250000 - 0x00007ffbc53ed000 	C:\WINDOWS\System32\USER32.dll
0x00007ffbc2db0000 - 0x00007ffbc2dd2000 	C:\WINDOWS\System32\win32u.dll
0x00007ffbc4330000 - 0x00007ffbc435b000 	C:\WINDOWS\System32\GDI32.dll
0x00007ffb869b0000 - 0x00007ffb869cb000 	C:\Users\psoko\.jdks\liberica-full-17.0.11\bin\VCRUNTIME140.dll
0x00007ffbc3480000 - 0x00007ffbc3597000 	C:\WINDOWS\System32\gdi32full.dll
0x00007ffbc3320000 - 0x00007ffbc33bd000 	C:\WINDOWS\System32\msvcp_win.dll
0x00007ffba7e60000 - 0x00007ffba80fa000 	C:\WINDOWS\WinSxS\amd64_microsoft.windows.common-controls_6595b64144ccf1df_6.0.19041.4355_none_60b8b9eb71f62e16\COMCTL32.dll
0x00007ffbc4dc0000 - 0x00007ffbc4e5e000 	C:\WINDOWS\System32\msvcrt.dll
0x00007ffbc39d0000 - 0x00007ffbc39ff000 	C:\WINDOWS\System32\IMM32.DLL
0x00007ffb895c0000 - 0x00007ffb89611000 	C:\Program Files (x86)\K7 Computing\K7TSecurity\K7CrvrEx64.dll
0x00007ffbc3f30000 - 0x00007ffbc3fe2000 	C:\WINDOWS\System32\ADVAPI32.dll
0x00007ffbc4430000 - 0x00007ffbc44d0000 	C:\WINDOWS\System32\sechost.dll
0x00007ffbc5580000 - 0x00007ffbc56a3000 	C:\WINDOWS\System32\RPCRT4.dll
0x00007ffbc2ff0000 - 0x00007ffbc3017000 	C:\WINDOWS\System32\bcrypt.dll
0x00007ffbbcf70000 - 0x00007ffbbcf7c000 	C:\Users\psoko\.jdks\liberica-full-17.0.11\bin\vcruntime140_1.dll
0x00007ffaf1280000 - 0x00007ffaf130e000 	C:\Users\psoko\.jdks\liberica-full-17.0.11\bin\msvcp140.dll
0x00007ffac89f0000 - 0x00007ffac9655000 	C:\Users\psoko\.jdks\liberica-full-17.0.11\bin\server\jvm.dll
0x00007ffbc2300000 - 0x00007ffbc234b000 	C:\WINDOWS\SYSTEM32\POWRPROF.dll
0x00007ffba4510000 - 0x00007ffba4519000 	C:\WINDOWS\SYSTEM32\WSOCK32.dll
0x00007ffbc45e0000 - 0x00007ffbc464b000 	C:\WINDOWS\System32\WS2_32.dll
0x00007ffbb6490000 - 0x00007ffbb64b7000 	C:\WINDOWS\SYSTEM32\WINMM.dll
0x00007ffbbd070000 - 0x00007ffbbd07a000 	C:\WINDOWS\SYSTEM32\VERSION.dll
0x00007ffbc2170000 - 0x00007ffbc2182000 	C:\WINDOWS\SYSTEM32\UMPDC.dll
0x00007ffbc0a00000 - 0x00007ffbc0a12000 	C:\WINDOWS\SYSTEM32\kernel.appcore.dll
0x00007ffb7c350000 - 0x00007ffb7c35a000 	C:\Users\psoko\.jdks\liberica-full-17.0.11\bin\jimage.dll
0x00007ffbaa960000 - 0x00007ffbaab44000 	C:\WINDOWS\SYSTEM32\DBGHELP.DLL
0x00007ffba3310000 - 0x00007ffba3344000 	C:\WINDOWS\SYSTEM32\dbgcore.DLL
0x00007ffbc35a0000 - 0x00007ffbc3622000 	C:\WINDOWS\System32\bcryptPrimitives.dll
0x00007ffba7090000 - 0x00007ffba709e000 	C:\Users\psoko\.jdks\liberica-full-17.0.11\bin\instrument.dll
0x00007ffb7ac20000 - 0x00007ffb7ac45000 	C:\Users\psoko\.jdks\liberica-full-17.0.11\bin\java.dll

dbghelp: loaded successfully - version: 4.0.5 - missing functions: none
symbol engine: initialized successfully - sym options: 0x614 - pdb path: .;C:\Users\psoko\.jdks\liberica-full-17.0.11\bin;C:\WINDOWS\SYSTEM32;C:\WINDOWS\WinSxS\amd64_microsoft.windows.common-controls_6595b64144ccf1df_6.0.19041.4355_none_60b8b9eb71f62e16;C:\Program Files (x86)\K7 Computing\K7TSecurity;C:\Users\psoko\.jdks\liberica-full-17.0.11\bin\server

VM Arguments:
jvm_args: -Dmaven.multiModuleProjectDirectory=G:\entryPoint -Djansi.passthrough=true -Dmaven.home=C:\Users\psoko\.m2\wrapper\dists\apache-maven-3.9.6-bin\439sdfsg2nbdob9ciift5h5nse\apache-maven-3.9.6 -Dclassworlds.conf=C:\Users\psoko\.m2\wrapper\dists\apache-maven-3.9.6-bin\439sdfsg2nbdob9ciift5h5nse\apache-maven-3.9.6\bin\m2.conf -Dmaven.ext.class.path=G:\JetBrain\IntelliJ IDEA Ultimate\plugins\maven\lib\maven-event-listener.jar -javaagent:G:\JetBrain\IntelliJ IDEA Ultimate\lib\idea_rt.jar=51195:G:\JetBrain\IntelliJ IDEA Ultimate\bin -Dfile.encoding=UTF-8 
java_command: org.codehaus.classworlds.Launcher -Didea.version=2024.1.4 clean
java_class_path (initial): C:\Users\psoko\.m2\wrapper\dists\apache-maven-3.9.6-bin\439sdfsg2nbdob9ciift5h5nse\apache-maven-3.9.6\boot\plexus-classworlds-2.7.0.jar;C:\Users\psoko\.m2\wrapper\dists\apache-maven-3.9.6-bin\439sdfsg2nbdob9ciift5h5nse\apache-maven-3.9.6\boot\plexus-classworlds.license
Launcher Type: SUN_STANDARD

[Global flags]
     intx CICompilerCount                          = 4                                         {product} {ergonomic}
     uint ConcGCThreads                            = 2                                         {product} {ergonomic}
     uint G1ConcRefinementThreads                  = 8                                         {product} {ergonomic}
   size_t G1HeapRegionSize                         = 4194304                                   {product} {ergonomic}
    uintx GCDrainStackTargetSize                   = 64                                        {product} {ergonomic}
   size_t InitialHeapSize                          = 536870912                                 {product} {ergonomic}
   size_t MarkStackSize                            = 4194304                                   {product} {ergonomic}
   size_t MaxHeapSize                              = 8581545984                                {product} {ergonomic}
   size_t MinHeapDeltaBytes                        = 4194304                                   {product} {ergonomic}
   size_t MinHeapSize                              = 8388608                                   {product} {ergonomic}
    uintx NonNMethodCodeHeapSize                   = 5839372                                {pd product} {ergonomic}
    uintx NonProfiledCodeHeapSize                  = 122909434                              {pd product} {ergonomic}
    uintx ProfiledCodeHeapSize                     = 122909434                              {pd product} {ergonomic}
    uintx ReservedCodeCacheSize                    = 251658240                              {pd product} {ergonomic}
     bool SegmentedCodeCache                       = true                                      {product} {ergonomic}
   size_t SoftMaxHeapSize                          = 8581545984                             {manageable} {ergonomic}
     bool UseCompressedClassPointers               = true                           {product lp64_product} {ergonomic}
     bool UseCompressedOops                        = true                           {product lp64_product} {ergonomic}
     bool UseG1GC                                  = true                                      {product} {ergonomic}
     bool UseLargePagesIndividualAllocation        = false                                  {pd product} {ergonomic}

Logging:
Log output configuration:
 #0: stdout all=warning uptime,level,tags
 #1: stderr all=off uptime,level,tags

Environment Variables:
JAVA_HOME=C:\Program Files\Java\jdk1.8.0_251
PATH=G:\Program Files (x86)\VMware\VMware Workstation\bin\;C:\Python312\Scripts\;C:\Python312\;C:\Program Files\Common Files\Oracle\Java\javapath;C:\Program Files (x86)\Common Files\Oracle\Java\java8path;C:\Program Files (x86)\Common Files\Oracle\Java\javapath;C:\Program Files\Microsoft MPI\Bin\;c:\program files\php\v7.3;c:\program files\php\v7.0;c:\windows\system32\inetsrv;c:\windows\system32;c:\windows;c:\windows\system32\wbem;c:\windows\system32\windowspowershell\v1.0\;c:\windows\system32\openssh\;c:\program files\microsoft sql server\client sdk\odbc\130\tools\binn\;c:\program files (x86)\microsoft sql server\140\tools\binn\;c:\program files\microsoft sql server\140\tools\binn\;c:\program files\microsoft sql server\140\dts\binn\;c:\program files;c:\programdata\chocolatey\bin;c:\program files\microsoft sql server\client sdk\odbc\170\tools\binn\;c:\windows\system32;c:\windows;c:\windows\system32\wbem;c:\windows\system32\windowspowershell\v1.0\;c:\windows\system32\openssh\;f:\spring-roo-2.0.0.release\bin;c:\program files (x86)\intel\intel(r) management engine components\dal;c:\program files\intel\intel(r) management engine components\dal;c:\program files (x86)\intel\intel(r) management engine components\ipt;c:\program files\intel\intel(r) management engine components\ipt;c:\program files\dotnet\;c:\program files (x86)\common files\divx shared\desktopservice;c:\program files\git\cmd;C:\Program Files\Java\jdk1.8.0_251\bin2;C:\Program Files (x86)\dotnet\;C:\Program Files (x86)\NVIDIA Corporation\PhysX\Common;C:\Program Files (x86)\Subversion\bin;C:\tools\lxrunoffline;F:\graalvm-jdk-21+35.1\bin;G:\Program Files (x86)\Microsoft Visual Studio\2022\BuildTools\VC\Auxiliary\Build;C:\Program Files\Pandoc\;C:\Program Files\PuTTY\;C:\Program Files\TortoiseSVN\bin;C:\Program Files\Git\cmd;C:\Program Files (x86)\Common Files\DivX11 Shared\DesktopService;C:\Program Files\TortoiseGit\bin;C:\Program Files\NVIDIA Corporation\NVIDIA NvDLISR;C:\Program Files\PowerShell\7\;C:\Program Files
USERNAME=psokolov local
OS=Windows_NT
PROCESSOR_IDENTIFIER=Intel64 Family 6 Model 158 Stepping 9, GenuineIntel
TMP=C:\Users\psoko\AppData\Local\Temp
TEMP=C:\Users\psoko\AppData\Local\Temp



Periodic native trim disabled


---------------  S Y S T E M  ---------------

OS:
 Windows 10 , 64 bit Build 19041 (10.0.19041.4957)
OS uptime: 0 days 7:09 hours
Hyper-V role detected

CPU: total 8 (initial active 8) (4 cores per cpu, 2 threads per core) family 6 model 158 stepping 9 microcode 0xb4, cx8, cmov, fxsr, ht, mmx, 3dnowpref, sse, sse2, sse3, ssse3, sse4.1, sse4.2, popcnt, lzcnt, tsc, tscinvbit, avx, avx2, aes, erms, clmul, bmi1, bmi2, rtm, adx, fma, vzeroupper, clflush, clflushopt, hv
Processor Information for all 8 processors :
  Max Mhz: 4200, Current Mhz: 4200, Mhz Limit: 4200

Memory: 4k page, system-wide physical 32730M (9775M free)
TotalPageFile size 32730M (AvailPageFile size 5M)
current process WorkingSet (physical memory assigned to process): 11M, peak: 11M
current process commit charge ("private bytes"): 58M, peak: 59M

vm_info: OpenJDK 64-Bit Server VM (17.0.11+12-LTS) for windows-amd64 JRE (17.0.11+12-LTS), built on May 14 2024 15:24:58 by "" with MS VC++ 17.1 (VS2022)

END.
